 0.1000000000E-00001  6.000000001         6.000000001       
 0.1100000000E-00001  6.000000015         6.000000014       
 0.1200000000E-00001  6.000000112         6.000000101       
 0.1300000000E-00001  6.000000602         6.000000540       
 0.1400000000E-00001  6.000002512         6.000002251       
 0.1500000000E-00001  6.000008580         6.000007688       
 0.1600000000E-00001  6.000024922         6.000022331       
 0.1700000000E-00001  6.000063388         6.000056798       
 0.1800000000E-00001  6.000144395         6.000129381       
 0.1900000000E-00001  6.000299858         6.000268680       
 0.2000000000E-00001  6.000575778         6.000515913       
 0.2100000000E-00001  6.001034048         6.000926535       
 0.2200000000E-00001  6.001753180         6.001570898       
 0.2300000000E-00001  6.002827835         6.002533824       
 0.2400000000E-00001  6.004367177         6.003913130       
 0.2500000000E-00001  6.006492223         6.005817262       
 0.2600000000E-00001  6.009332436         6.008362241       
 0.2700000000E-00001  6.013021866         6.011668214       
 0.2800000000E-00001  6.017695102         6.015855832       
 0.2900000000E-00001  6.023483302         6.021042705       
 0.3000000000E-00001  6.030510507         6.027340113       
 0.3100000000E-00001  6.038890375         6.034850089       
 0.3200000000E-00001  6.048723438         6.043662986       
 0.3300000000E-00001  6.060094930         6.053855546       
 0.3400000000E-00001  6.073073191         6.065489488       
 0.3500000000E-00001  6.087708630         6.078610599       
 0.3600000000E-00001  6.104033193         6.093248284       
 0.3700000000E-00001  6.122060307         6.109415519       
 0.3800000000E-00001  6.141785209         6.127109171       
 0.3900000000E-00001  6.163185613         6.146310601       
 0.4000000000E-00001  6.186222658         6.166986521       
 0.4100000000E-00001  6.210842055         6.189090024       
 0.4200000000E-00001  6.236975413         6.212561762       
 0.4300000000E-00001  6.264541659         6.237331219       
 0.4400000000E-00001  6.293448548         6.263318036       
 0.4500000000E-00001  6.323594189         6.290433372       
 0.4600000000E-00001  6.354868597         6.318581257       
 0.4700000000E-00001  6.387155201         6.347659925       
 0.4800000000E-00001  6.420332335         6.377563107       
 0.4900000000E-00001  6.454274649         6.408181266       
 0.5000000000E-00001  6.488854461         6.439402773       
 0.5100000000E-00001  6.523943024         6.471114997       
 0.5200000000E-00001  6.559411703         6.503205328       
 0.5300000000E-00001  6.595133056         6.535562103       
 0.5400000000E-00001  6.630981818         6.568075454       
 0.5500000000E-00001  6.666835784         6.600638064       
 0.5600000000E-00001  6.702576594         6.633145840       
 0.5700000000E-00001  6.738090413         6.665498496       
 0.5800000000E-00001  6.773268526         6.697600057       
 0.5900000000E-00001  6.808007824         6.729359279       
 0.6000000000E-00001  6.842211209         6.760689996       
 0.6100000000E-00001  6.875787915         6.791511394       
 0.6200000000E-00001  6.908653738         6.821748215       
 0.6300000000E-00001  6.940731205         6.851330899       
 0.6400000000E-00001  6.971949658         6.880195668       
 0.6500000000E-00001  7.002245283         6.908284557       
 0.6600000000E-00001  7.031561082         6.935545392       
 0.6700000000E-00001  7.059846781         6.961931733       
 0.6800000000E-00001  7.087058709         6.987402765       
 0.6900000000E-00001  7.113159616         7.011923172       
 0.7000000000E-00001  7.138118476         7.035462963       
 0.7100000000E-00001  7.161910241         7.057997289       
 0.7200000000E-00001  7.184515584         7.079506228       
 0.7300000000E-00001  7.205920618         7.099974558       
 0.7400000000E-00001  7.226116592         7.119391516       
 0.7500000000E-00001  7.245099589         7.137750545       
 0.7600000000E-00001  7.262870204         7.155049036       
 0.7700000000E-00001  7.279433227         7.171288067       
 0.7800000000E-00001  7.294797320         7.186472134       
 0.7900000000E-00001  7.308974695         7.200608894       
 0.8000000000E-00001  7.321980803         7.213708901       
 0.8100000000E-00001  7.333834022         7.225785348       
 0.8200000000E-00001  7.344555357         7.236853822       
 0.8300000000E-00001  7.354168153         7.246932057       
 0.8400000000E-00001  7.362697811         7.256039704       
 0.8500000000E-00001  7.370171525         7.264198104       
 0.8600000000E-00001  7.376618028         7.271430073       
 0.8700000000E-00001  7.382067349         7.277759701       
 0.8800000000E-00001  7.386550593         7.283212157       
 0.8900000000E-00001  7.390099724         7.287813509       
 0.9000000000E-00001  7.392747369         7.291590554       
 0.9100000000E-00001  7.394526638         7.294570656       
 0.9200000000E-00001  7.395470951         7.296781603       
 0.9300000000E-00001  7.395613889         7.298251468       
 0.9400000000E-00001  7.394989043         7.299008487       
 0.9500000000E-00001  7.393629896         7.299080936       
 0.9600000000E-00001  7.391569698         7.298497037       
 0.9700000000E-00001  7.388841366         7.297284853       
 0.9800000000E-00001  7.385477392         7.295472210       
 0.9900000000E-00001  7.381509757         7.293086616       
 0.1000000000         7.376969860         7.290155194       
 0.1010000000         7.371888459         7.286704622       
 0.1020000000         7.366295611         7.282761079       
 0.1030000000         7.360220631         7.278350200       
 0.1040000000         7.353692052         7.273497038       
 0.1050000000         7.346737594         7.268226029       
 0.1060000000         7.339384142         7.262560965       
 0.1070000000         7.331657723         7.256524973       
 0.1080000000         7.323583496         7.250140493       
 0.1090000000         7.315185744         7.243429274       
 0.1100000000         7.306487868         7.236412352       
 0.1110000000         7.297512388         7.229110058       
 0.1120000000         7.288280949         7.221542006       
 0.1130000000         7.278814323         7.213727095       
 0.1140000000         7.269132423         7.205683518       
 0.1150000000         7.259254314         7.197428762       
 0.1160000000         7.249198224         7.188979618       
 0.1170000000         7.238981564         7.180352187       
 0.1180000000         7.228620946         7.171561900       
 0.1190000000         7.218132196         7.162623518       
 0.1200000000         7.207530381         7.153551158       
 0.1210000000         7.196829825         7.144358297       
 0.1220000000         7.186044133         7.135057797       
 0.1230000000         7.175186212         7.125661912       
 0.1240000000         7.164268293         7.116182313       
 0.1250000000         7.153301954         7.106630100       
 0.1260000000         7.142298143         7.097015818       
 0.1270000000         7.131267200         7.087349482       
 0.1280000000         7.120218883         7.077640588       
 0.1290000000         7.109162382         7.067898130       
 0.1300000000         7.098106352         7.058130624       
 0.1310000000         7.087058926         7.048346121       
 0.1320000000         7.076027741         7.038552224       
 0.1330000000         7.065019958         7.028756108       
 0.1340000000         7.054042283         7.018964533       
 0.1350000000         7.043100986         7.009183866       
 0.1360000000         7.032201920         6.999420090       
 0.1370000000         7.021350543         6.989678828       
 0.1380000000         7.010551935         6.979965351       
 0.1390000000         6.999810812         6.970284600       
 0.1400000000         6.989131552         6.960641195       
 0.1410000000         6.978518201         6.951039451       
 0.1420000000         6.967974498         6.941483393       
 0.1430000000         6.957503888         6.931976771       
 0.1440000000         6.947109533         6.922523068       
 0.1450000000         6.936794332         6.913125515       
 0.1460000000         6.926560931         6.903787107       
 0.1470000000         6.916411740         6.894510606       
 0.1480000000         6.906348942         6.885298561       
 0.1490000000         6.896374506         6.876153315       
 0.1500000000         6.886490200         6.867077013       
 0.1510000000         6.876697603         6.858071617       
 0.1520000000         6.866998113         6.849138912       
 0.1530000000         6.857392958         6.840280516       
 0.1540000000         6.847883209         6.831497890       
 0.1550000000         6.838469784         6.822792345       
 0.1560000000         6.829153461         6.814165052       
 0.1570000000         6.819934884         6.805617046       
 0.1580000000         6.810814573         6.797149237       
 0.1590000000         6.801792931         6.788762418       
 0.1600000000         6.792870250         6.780457265       
 0.1610000000         6.784046719         6.772234353       
 0.1620000000         6.775322433         6.764094154       
 0.1630000000         6.766697395         6.756037048       
 0.1640000000         6.758171522         6.748063325       
 0.1650000000         6.749744657         6.740173193       
 0.1660000000         6.741416565         6.732366783       
 0.1670000000         6.733186947         6.724644151       
 0.1680000000         6.725055439         6.717005286       
 0.1690000000         6.717021617         6.709450112       
 0.1700000000         6.709085006         6.701978494       
 0.1710000000         6.701245076         6.694590241       
 0.1720000000         6.693501255         6.687285107       
 0.1730000000         6.685852925         6.680062801       
 0.1740000000         6.678299431         6.672922985       
 0.1750000000         6.670840081         6.665865279       
 0.1760000000         6.663474148         6.658889263       
 0.1770000000         6.656200877         6.651994482       
 0.1780000000         6.649019487         6.645180446       
 0.1790000000         6.641929167         6.638446637       
 0.1800000000         6.634929090         6.631792505       
 0.1810000000         6.628018403         6.625217476       
 0.1820000000         6.621196239         6.618720951       
 0.1830000000         6.614461713         6.612302309       
 0.1840000000         6.607813927         6.605960910       
 0.1850000000         6.601251970         6.599696094       
 0.1860000000         6.594774920         6.593507186       
 0.1870000000         6.588381847         6.587393495       
 0.1880000000         6.582071812         6.581354320       
 0.1890000000         6.575843872         6.575388943       
 0.1900000000         6.569697076         6.569496640       
 0.1910000000         6.563630472         6.563676675       
 0.1920000000         6.557643104         6.557928305       
 0.1930000000         6.551734015         6.552250782       
 0.1940000000         6.545902246         6.546643348       
 0.1950000000         6.540146841         6.541105246       
 0.1960000000         6.534466843         6.535635709       
 0.1970000000         6.528861298         6.530233972       
 0.1980000000         6.523329253         6.524899266       
 0.1990000000         6.517869762         6.519630821       
 0.2000000000         6.512481879         6.514427866       
 0.2010000000         6.507164665         6.509289630       
 0.2020000000         6.501917186         6.504215344       
 0.2030000000         6.496738513         6.499204239       
 0.2040000000         6.491627723         6.494255548       
 0.2050000000         6.486583900         6.489368508       
 0.2060000000         6.481606135         6.484542358       
 0.2070000000         6.476693526         6.479776339       
 0.2080000000         6.471845178         6.475069697       
 0.2090000000         6.467060206         6.470421682       
 0.2100000000         6.462337730         6.465831550       
 0.2110000000         6.457676880         6.461298558       
 0.2120000000         6.453076796         6.456821972       
 0.2130000000         6.448536624         6.452401061       
 0.2140000000         6.444055522         6.448035101       
 0.2150000000         6.439632653         6.443723373       
 0.2160000000         6.435267194         6.439465165       
 0.2170000000         6.430958327         6.435259769       
 0.2180000000         6.426705246         6.431106486       
 0.2190000000         6.422507155         6.427004624       
 0.2200000000         6.418363265         6.422953494       
 0.2210000000         6.414272798         6.418952418       
 0.2220000000         6.410234987         6.415000722       
 0.2230000000         6.406249072         6.411097741       
 0.2240000000         6.402314304         6.407242816       
 0.2250000000         6.398429945         6.403435296       
 0.2260000000         6.394595265         6.399674537       
 0.2270000000         6.390809544         6.395959901       
 0.2280000000         6.387072072         6.392290760       
 0.2290000000         6.383382147         6.388666492       
 0.2300000000         6.379739080         6.385086481       
 0.2310000000         6.376142188         6.381550121       
 0.2320000000         6.372590800         6.378056812       
 0.2330000000         6.369084253         6.374605961       
 0.2340000000         6.365621893         6.371196984       
 0.2350000000         6.362203078         6.367829304       
 0.2360000000         6.358827172         6.364502349       
 0.2370000000         6.355493550         6.361215558       
 0.2380000000         6.352201596         6.357968374       
 0.2390000000         6.348950701         6.354760251       
 0.2400000000         6.345740269         6.351590648       
 0.2410000000         6.342569708         6.348459030       
 0.2420000000         6.339438439         6.345364871       
 0.2430000000         6.336345889         6.342307653       
 0.2440000000         6.333291494         6.339286864       
 0.2450000000         6.330274699         6.336301997       
 0.2460000000         6.327294958         6.333352556       
 0.2470000000         6.324351732         6.330438048       
 0.2480000000         6.321444490         6.327557991       
 0.2490000000         6.318572711         6.324711906       
 0.2500000000         6.315735880         6.321899322       
 0.2510000000         6.312933490         6.319119776       
 0.2520000000         6.310165044         6.316372810       
 0.2530000000         6.307430050         6.313657973       
 0.2540000000         6.304728024         6.310974821       
 0.2550000000         6.302058491         6.308322916       
 0.2560000000         6.299420983         6.305701826       
 0.2570000000         6.296815038         6.303111125       
 0.2580000000         6.294240202         6.300550395       
 0.2590000000         6.291696028         6.298019221       
 0.2600000000         6.289182076         6.295517197       
 0.2610000000         6.286697912         6.293043923       
 0.2620000000         6.284243112         6.290599001       
 0.2630000000         6.281817254         6.288182043       
 0.2640000000         6.279419925         6.285792666       
 0.2650000000         6.277050720         6.283430490       
 0.2660000000         6.274709237         6.281095144       
 0.2670000000         6.272395082         6.278786260       
 0.2680000000         6.270107869         6.276503478       
 0.2690000000         6.267847214         6.274246440       
 0.2700000000         6.265612743         6.272014796       
 0.2710000000         6.263404085         6.269808200       
 0.2720000000         6.261220877         6.267626311       
 0.2730000000         6.259062760         6.265468795       
 0.2740000000         6.256929381         6.263335320       
 0.2750000000         6.254820394         6.261225562       
 0.2760000000         6.252735456         6.259139199       
 0.2770000000         6.250674232         6.257075915       
 0.2780000000         6.248636390         6.255035400       
 0.2790000000         6.246621605         6.253017347       
 0.2800000000         6.244629556         6.251021454       
 0.2810000000         6.242659928         6.249047424       
 0.2820000000         6.240712408         6.247094963       
 0.2830000000         6.238786693         6.245163784       
 0.2840000000         6.236882481         6.243253601       
 0.2850000000         6.234999474         6.241364135       
 0.2860000000         6.233137383         6.239495111       
 0.2870000000         6.231295920         6.237646256       
 0.2880000000         6.229474801         6.235817303       
 0.2890000000         6.227673750         6.234007988       
 0.2900000000         6.225892492         6.232218051       
 0.2910000000         6.224130757         6.230447238       
 0.2920000000         6.222388280         6.228695295       
 0.2930000000         6.220664801         6.226961975       
 0.2940000000         6.218960061         6.225247033       
 0.2950000000         6.217273807         6.223550228       
 0.2960000000         6.215605791         6.221871324       
 0.2970000000         6.213955767         6.220210086       
 0.2980000000         6.212323493         6.218566284       
 0.2990000000         6.210708732         6.216939691       
 0.3000000000         6.209111248         6.215330084       
 0.3010000000         6.207530813         6.213737243       
 0.3020000000         6.205967199         6.212160951       
 0.3030000000         6.204420182         6.210600994       
 0.3040000000         6.202889542         6.209057162       
 0.3050000000         6.201375063         6.207529247       
 0.3060000000         6.199876531         6.206017045       
 0.3070000000         6.198393736         6.204520356       
 0.3080000000         6.196926471         6.203038979       
 0.3090000000         6.195474533         6.201572721       
 0.3100000000         6.194037721         6.200121389       
 0.3110000000         6.192615837         6.198684792       
 0.3120000000         6.191208687         6.197262745       
 0.3130000000         6.189816079         6.195855063       
 0.3140000000         6.188437825         6.194461564       
 0.3150000000         6.187073739         6.193082070       
 0.3160000000         6.185723638         6.191716404       
 0.3170000000         6.184387341         6.190364393       
 0.3180000000         6.183064671         6.189025867       
 0.3190000000         6.181755453         6.187700655       
 0.3200000000         6.180459515         6.186388593       
 0.3210000000         6.179176687         6.185089516       
 0.3220000000         6.177906803         6.183803263       
 0.3230000000         6.176649697         6.182529676       
 0.3240000000         6.175405208         6.181268597       
 0.3250000000         6.174173175         6.180019871       
 0.3260000000         6.172953441         6.178783348       
 0.3270000000         6.171745852         6.177558876       
 0.3280000000         6.170550255         6.176346309       
 0.3290000000         6.169366498         6.175145499       
 0.3300000000         6.168194435         6.173956304       
 0.3310000000         6.167033918         6.172778582       
 0.3320000000         6.165884804         6.171612193       
 0.3330000000         6.164746952         6.170457000       
 0.3340000000         6.163620221         6.169312868       
 0.3350000000         6.162504474         6.168179662       
 0.3360000000         6.161399575         6.167057250       
 0.3370000000         6.160305391         6.165945503       
 0.3380000000         6.159221789         6.164844294       
 0.3390000000         6.158148641         6.163753494       
 0.3400000000         6.157085817         6.162672981       
 0.3410000000         6.156033193         6.161602631       
 0.3420000000         6.154990643         6.160542323       
 0.3430000000         6.153958046         6.159491938       
 0.3440000000         6.152935281         6.158451358       
 0.3450000000         6.151922229         6.157420468       
 0.3460000000         6.150918772         6.156399153       
 0.3470000000         6.149924795         6.155387300       
 0.3480000000         6.148940184         6.154384798       
 0.3490000000         6.147964827         6.153391537       
 0.3500000000         6.146998613         6.152407410       
 0.3510000000         6.146041433         6.151432309       
 0.3520000000         6.145093180         6.150466130       
 0.3530000000         6.144153747         6.149508769       
 0.3540000000         6.143223030         6.148560123       
 0.3550000000         6.142300926         6.147620092       
 0.3560000000         6.141387334         6.146688576       
 0.3570000000         6.140482152         6.145765477       
 0.3580000000         6.139585283         6.144850698       
 0.3590000000         6.138696629         6.143944144       
 0.3600000000         6.137816094         6.143045721       
 0.3610000000         6.136943583         6.142155335       
 0.3620000000         6.136079003         6.141272896       
 0.3630000000         6.135222261         6.140398313       
 0.3640000000         6.134373268         6.139531496       
 0.3650000000         6.133531933         6.138672358       
 0.3660000000         6.132698169         6.137820812       
 0.3670000000         6.131871888         6.136976772       
 0.3680000000         6.131053003         6.136140155       
 0.3690000000         6.130241432         6.135310876       
 0.3700000000         6.129437089         6.134488854       
 0.3710000000         6.128639893         6.133674007       
 0.3720000000         6.127849763         6.132866255       
 0.3730000000         6.127066617         6.132065520       
 0.3740000000         6.126290378         6.131271723       
 0.3750000000         6.125520966         6.130484789       
 0.3760000000         6.124758306         6.129704640       
 0.3770000000         6.124002321         6.128931202       
 0.3780000000         6.123252937         6.128164401       
 0.3790000000         6.122510078         6.127404165       
 0.3800000000         6.121773674         6.126650421       
 0.3810000000         6.121043651         6.125903098       
 0.3820000000         6.120319938         6.125162127       
 0.3830000000         6.119602467         6.124427438       
 0.3840000000         6.118891167         6.123698963       
 0.3850000000         6.118185971         6.122976634       
 0.3860000000         6.117486810         6.122260386       
 0.3870000000         6.116793620         6.121550152       
 0.3880000000         6.116106334         6.120845868       
 0.3890000000         6.115424888         6.120147470       
 0.3900000000         6.114749219         6.119454895       
 0.3910000000         6.114079262         6.118768080       
 0.3920000000         6.113414956         6.118086965       
 0.3930000000         6.112756240         6.117411487       
 0.3940000000         6.112103053         6.116741588       
 0.3950000000         6.111455336         6.116077209       
 0.3960000000         6.110813030         6.115418290       
 0.3970000000         6.110176076         6.114764774       
 0.3980000000         6.109544417         6.114116604       
 0.3990000000         6.108917997         6.113473725       
 0.4000000000         6.108296759         6.112836080       
 0.4010000000         6.107680648         6.112203615       
 0.4020000000         6.107069611         6.111576275       
 0.4030000000         6.106463592         6.110954008       
 0.4040000000         6.105862539         6.110336760       
 0.4050000000         6.105266400         6.109724480       
 0.4060000000         6.104675122         6.109117115       
 0.4070000000         6.104088655         6.108514616       
 0.4080000000         6.103506948         6.107916932       
 0.4090000000         6.102929952         6.107324013       
 0.4100000000         6.102357616         6.106735810       
 0.4110000000         6.101789893         6.106152276       
 0.4120000000         6.101226735         6.105573362       
 0.4130000000         6.100668094         6.104999021       
 0.4140000000         6.100113924         6.104429207       
 0.4150000000         6.099564177         6.103863874       
 0.4160000000         6.099018810         6.103302977       
 0.4170000000         6.098477776         6.102746469       
 0.4180000000         6.097941032         6.102194308       
 0.4190000000         6.097408533         6.101646450       
 0.4200000000         6.096880235         6.101102850       
 0.4210000000         6.096356097         6.100563467       
 0.4220000000         6.095836076         6.100028258       
 0.4230000000         6.095320130         6.099497182       
 0.4240000000         6.094808217         6.098970197       
 0.4250000000         6.094300298         6.098447262       
 0.4260000000         6.093796331         6.097928339       
 0.4270000000         6.093296277         6.097413385       
 0.4280000000         6.092800097         6.096902364       
 0.4290000000         6.092307752         6.096395235       
 0.4300000000         6.091819203         6.095891960       
 0.4310000000         6.091334413         6.095392502       
 0.4320000000         6.090853344         6.094896823       
 0.4330000000         6.090375960         6.094404887       
 0.4340000000         6.089902223         6.093916656       
 0.4350000000         6.089432098         6.093432094       
 0.4360000000         6.088965549         6.092951167       
 0.4370000000         6.088502540         6.092473838       
 0.4380000000         6.088043038         6.092000073       
 0.4390000000         6.087587007         6.091529838       
 0.4400000000         6.087134414         6.091063097       
 0.4410000000         6.086685225         6.090599819       
 0.4420000000         6.086239407         6.090139969       
 0.4430000000         6.085796927         6.089683515       
 0.4440000000         6.085357753         6.089230424       
 0.4450000000         6.084921853         6.088780664       
 0.4460000000         6.084489194         6.088334204       
 0.4470000000         6.084059747         6.087891012       
 0.4480000000         6.083633479         6.087451057       
 0.4490000000         6.083210361         6.087014308       
 0.4500000000         6.082790362         6.086580736       
 0.4510000000         6.082373452         6.086150310       
 0.4520000000         6.081959603         6.085723000       
 0.4530000000         6.081548784         6.085298778       
 0.4540000000         6.081140967         6.084877615       
 0.4550000000         6.080736124         6.084459481       
 0.4560000000         6.080334226         6.084044350       
 0.4570000000         6.079935245         6.083632192       
 0.4580000000         6.079539155         6.083222980       
 0.4590000000         6.079145927         6.082816686       
 0.4600000000         6.078755536         6.082413285       
 0.4610000000         6.078367954         6.082012749       
 0.4620000000         6.077983155         6.081615051       
 0.4630000000         6.077601114         6.081220166       
 0.4640000000         6.077221804         6.080828068       
 0.4650000000         6.076845201         6.080438731       
 0.4660000000         6.076471278         6.080052130       
 0.4670000000         6.076100012         6.079668240       
 0.4680000000         6.075731378         6.079287037       
 0.4690000000         6.075365351         6.078908495       
 0.4700000000         6.075001908         6.078532592       
 0.4710000000         6.074641024         6.078159302       
 0.4720000000         6.074282678         6.077788602       
 0.4730000000         6.073926844         6.077420470       
 0.4740000000         6.073573501         6.077054881       
 0.4750000000         6.073222625         6.076691814       
 0.4760000000         6.072874195         6.076331245       
 0.4770000000         6.072528188         6.075973152       
 0.4780000000         6.072184582         6.075617513       
 0.4790000000         6.071843355         6.075264306       
 0.4800000000         6.071504487         6.074913510       
 0.4810000000         6.071167955         6.074565102       
 0.4820000000         6.070833739         6.074219063       
 0.4830000000         6.070501819         6.073875371       
 0.4840000000         6.070172173         6.073534005       
 0.4850000000         6.069844781         6.073194945       
 0.4860000000         6.069519624         6.072858171       
 0.4870000000         6.069196681         6.072523662       
 0.4880000000         6.068875933         6.072191399       
 0.4890000000         6.068557360         6.071861363       
 0.4900000000         6.068240943         6.071533532       
 0.4910000000         6.067926664         6.071207890       
 0.4920000000         6.067614503         6.070884416       
 0.4930000000         6.067304441         6.070563091       
 0.4940000000         6.066996461         6.070243898       
 0.4950000000         6.066690544         6.069926817       
 0.4960000000         6.066386672         6.069611831       
 0.4970000000         6.066084828         6.069298921       
 0.4980000000         6.065784993         6.068988070       
 0.4990000000         6.065487150         6.068679260       
 0.5000000000         6.065191283         6.068372474       
 0.5010000000         6.064897373         6.068067694       
 0.5020000000         6.064605404         6.067764903       
 0.5030000000         6.064315360         6.067464084       
 0.5040000000         6.064027223         6.067165221       
 0.5050000000         6.063740978         6.066868297       
 0.5060000000         6.063456608         6.066573296       
 0.5070000000         6.063174097         6.066280200       
 0.5080000000         6.062893430         6.065988996       
 0.5090000000         6.062614590         6.065699665       
 0.5100000000         6.062337562         6.065412193       
 0.5110000000         6.062062331         6.065126565       
 0.5120000000         6.061788882         6.064842764       
 0.5130000000         6.061517199         6.064560775       
 0.5140000000         6.061247268         6.064280584       
 0.5150000000         6.060979074         6.064002175       
 0.5160000000         6.060712602         6.063725534       
 0.5170000000         6.060447837         6.063450646       
 0.5180000000         6.060184767         6.063177497       
 0.5190000000         6.059923376         6.062906071       
 0.5200000000         6.059663650         6.062636356       
 0.5210000000         6.059405576         6.062368336       
 0.5220000000         6.059149139         6.062101999       
 0.5230000000         6.058894327         6.061837329       
 0.5240000000         6.058641126         6.061574315       
 0.5250000000         6.058389522         6.061312941       
 0.5260000000         6.058139503         6.061053195       
 0.5270000000         6.057891055         6.060795063       
 0.5280000000         6.057644166         6.060538533       
 0.5290000000         6.057398822         6.060283591       
 0.5300000000         6.057155011         6.060030225       
 0.5310000000         6.056912721         6.059778422       
 0.5320000000         6.056671939         6.059528169       
 0.5330000000         6.056432653         6.059279454       
 0.5340000000         6.056194850         6.059032264       
 0.5350000000         6.055958519         6.058786587       
 0.5360000000         6.055723648         6.058542412       
 0.5370000000         6.055490225         6.058299725       
 0.5380000000         6.055258239         6.058058516       
 0.5390000000         6.055027677         6.057818773       
 0.5400000000         6.054798528         6.057580483       
 0.5410000000         6.054570782         6.057343636       
 0.5420000000         6.054344426         6.057108219       
 0.5430000000         6.054119450         6.056874223       
 0.5440000000         6.053895843         6.056641635       
 0.5450000000         6.053673593         6.056410444       
 0.5460000000         6.053452690         6.056180639       
 0.5470000000         6.053233124         6.055952211       
 0.5480000000         6.053014884         6.055725147       
 0.5490000000         6.052797959         6.055499437       
 0.5500000000         6.052582338         6.055275070       
 0.5510000000         6.052368013         6.055052037       
 0.5520000000         6.052154972         6.054830327       
 0.5530000000         6.051943205         6.054609929       
 0.5540000000         6.051732703         6.054390833       
 0.5550000000         6.051523455         6.054173030       
 0.5560000000         6.051315452         6.053956508       
 0.5570000000         6.051108684         6.053741260       
 0.5580000000         6.050903142         6.053527274       
 0.5590000000         6.050698816         6.053314540       
 0.5600000000         6.050495696         6.053103051       
 0.5610000000         6.050293773         6.052892795       
 0.5620000000         6.050093038         6.052683763       
 0.5630000000         6.049893483         6.052475947       
 0.5640000000         6.049695097         6.052269336       
 0.5650000000         6.049497871         6.052063922       
 0.5660000000         6.049301798         6.051859696       
 0.5670000000         6.049106868         6.051656648       
 0.5680000000         6.048913072         6.051454770       
 0.5690000000         6.048720401         6.051254053       
 0.5700000000         6.048528848         6.051054488       
 0.5710000000         6.048338404         6.050856067       
 0.5720000000         6.048149060         6.050658780       
 0.5730000000         6.047960808         6.050462620       
 0.5740000000         6.047773639         6.050267578       
 0.5750000000         6.047587546         6.050073645       
 0.5760000000         6.047402520         6.049880814       
 0.5770000000         6.047218554         6.049689077       
 0.5780000000         6.047035639         6.049498424       
 0.5790000000         6.046853768         6.049308848       
 0.5800000000         6.046672933         6.049120341       
 0.5810000000         6.046493125         6.048932896       
 0.5820000000         6.046314338         6.048746503       
 0.5830000000         6.046136564         6.048561157       
 0.5840000000         6.045959795         6.048376848       
 0.5850000000         6.045784023         6.048193570       
 0.5860000000         6.045609243         6.048011314       
 0.5870000000         6.045435445         6.047830073       
 0.5880000000         6.045262623         6.047649841       
 0.5890000000         6.045090770         6.047470608       
 0.5900000000         6.044919878         6.047292370       
 0.5910000000         6.044749941         6.047115117       
 0.5920000000         6.044580951         6.046938843       
 0.5930000000         6.044412902         6.046763540       
 0.5940000000         6.044245787         6.046589203       
 0.5950000000         6.044079599         6.046415823       
 0.5960000000         6.043914330         6.046243394       
 0.5970000000         6.043749976         6.046071909       
 0.5980000000         6.043586528         6.045901362       
 0.5990000000         6.043423980         6.045731744       
 0.6000000000         6.043262326         6.045563051       
 0.6010000000         6.043101560         6.045395275       
 0.6020000000         6.042941674         6.045228410       
 0.6030000000         6.042782663         6.045062450       
 0.6040000000         6.042624521         6.044897387       
 0.6050000000         6.042467240         6.044733215       
 0.6060000000         6.042310816         6.044569929       
 0.6070000000         6.042155241         6.044407521       
 0.6080000000         6.042000510         6.044245986       
 0.6090000000         6.041846617         6.044085318       
 0.6100000000         6.041693555         6.043925510       
 0.6110000000         6.041541320         6.043766557       
 0.6120000000         6.041389905         6.043608452       
 0.6130000000         6.041239303         6.043451189       
 0.6140000000         6.041089511         6.043294763       
 0.6150000000         6.040940521         6.043139168       
 0.6160000000         6.040792329         6.042984398       
 0.6170000000         6.040644927         6.042830446       
 0.6180000000         6.040498312         6.042677309       
 0.6190000000         6.040352478         6.042524979       
 0.6200000000         6.040207419         6.042373451       
 0.6210000000         6.040063129         6.042222720       
 0.6220000000         6.039919603         6.042072781       
 0.6230000000         6.039776837         6.041923627       
 0.6240000000         6.039634824         6.041775254       
 0.6250000000         6.039493560         6.041627655       
 0.6260000000         6.039353038         6.041480826       
 0.6270000000         6.039213256         6.041334762       
 0.6280000000         6.039074206         6.041189457       
 0.6290000000         6.038935884         6.041044905       
 0.6300000000         6.038798285         6.040901103       
 0.6310000000         6.038661404         6.040758045       
 0.6320000000         6.038525237         6.040615725       
 0.6330000000         6.038389777         6.040474139       
 0.6340000000         6.038255021         6.040333281       
 0.6350000000         6.038120964         6.040193148       
 0.6360000000         6.037987600         6.040053733       
 0.6370000000         6.037854925         6.039915032       
 0.6380000000         6.037722935         6.039777041       
 0.6390000000         6.037591625         6.039639754       
 0.6400000000         6.037460990         6.039503168       
 0.6410000000         6.037331026         6.039367276       
 0.6420000000         6.037201727         6.039232074       
 0.6430000000         6.037073091         6.039097559       
 0.6440000000         6.036945111         6.038963724       
 0.6450000000         6.036817784         6.038830567       
 0.6460000000         6.036691106         6.038698082       
 0.6470000000         6.036565071         6.038566264       
 0.6480000000         6.036439677         6.038435110       
 0.6490000000         6.036314918         6.038304615       
 0.6500000000         6.036190790         6.038174774       
 0.6510000000         6.036067289         6.038045584       
 0.6520000000         6.035944411         6.037917040       
 0.6530000000         6.035822152         6.037789137       
 0.6540000000         6.035700507         6.037661872       
 0.6550000000         6.035579473         6.037535241       
 0.6560000000         6.035459045         6.037409238       
 0.6570000000         6.035339221         6.037283861       
 0.6580000000         6.035219994         6.037159105       
 0.6590000000         6.035101362         6.037034966       
 0.6600000000         6.034983321         6.036911440       
 0.6610000000         6.034865867         6.036788523       
 0.6620000000         6.034748996         6.036666211       
 0.6630000000         6.034632705         6.036544500       
 0.6640000000         6.034516988         6.036423387       
 0.6650000000         6.034401844         6.036302866       
 0.6660000000         6.034287267         6.036182936       
 0.6670000000         6.034173255         6.036063591       
 0.6680000000         6.034059803         6.035944828       
 0.6690000000         6.033946908         6.035826644       
 0.6700000000         6.033834567         6.035709034       
 0.6710000000         6.033722776         6.035591995       
 0.6720000000         6.033611531         6.035475523       
 0.6730000000         6.033500829         6.035359615       
 0.6740000000         6.033390666         6.035244267       
 0.6750000000         6.033281039         6.035129476       
 0.6760000000         6.033171944         6.035015237       
 0.6770000000         6.033063379         6.034901548       
 0.6780000000         6.032955339         6.034788405       
 0.6790000000         6.032847821         6.034675805       
 0.6800000000         6.032740823         6.034563744       
 0.6810000000         6.032634340         6.034452218       
 0.6820000000         6.032528369         6.034341225       
 0.6830000000         6.032422908         6.034230760       
 0.6840000000         6.032317953         6.034120822       
 0.6850000000         6.032213500         6.034011406       
 0.6860000000         6.032109547         6.033902509       
 0.6870000000         6.032006090         6.033794128       
 0.6880000000         6.031903127         6.033686259       
 0.6890000000         6.031800654         6.033578900       
 0.6900000000         6.031698668         6.033472047       
 0.6910000000         6.031597166         6.033365698       
 0.6920000000         6.031496145         6.033259849       
 0.6930000000         6.031395603         6.033154496       
 0.6940000000         6.031295535         6.033049637       
 0.6950000000         6.031195940         6.032945270       
 0.6960000000         6.031096813         6.032841390       
 0.6970000000         6.030998153         6.032737995       
 0.6980000000         6.030899957         6.032635081       
 0.6990000000         6.030802221         6.032532647       
 0.7000000000         6.030704942         6.032430688       
 0.7010000000         6.030608119         6.032329203       
 0.7020000000         6.030511747         6.032228187       
 0.7030000000         6.030415825         6.032127639       
 0.7040000000         6.030320350         6.032027556       
 0.7050000000         6.030225318         6.031927934       
 0.7060000000         6.030130727         6.031828771       
 0.7070000000         6.030036575         6.031730063       
 0.7080000000         6.029942858         6.031631809       
 0.7090000000         6.029849574         6.031534006       
 0.7100000000         6.029756721         6.031436650       
 0.7110000000         6.029664296         6.031339740       
 0.7120000000         6.029572295         6.031243271       
 0.7130000000         6.029480718         6.031147243       
 0.7140000000         6.029389560         6.031051652       
 0.7150000000         6.029298820         6.030956495       
 0.7160000000         6.029208495         6.030861770       
 0.7170000000         6.029118582         6.030767474       
 0.7180000000         6.029029080         6.030673605       
 0.7190000000         6.028939985         6.030580161       
 0.7200000000         6.028851295         6.030487138       
 0.7210000000         6.028763008         6.030394534       
 0.7220000000         6.028675121         6.030302347       
 0.7230000000         6.028587631         6.030210574       
 0.7240000000         6.028500538         6.030119212       
 0.7250000000         6.028413837         6.030028260       
 0.7260000000         6.028327528         6.029937715       
 0.7270000000         6.028241607         6.029847575       
 0.7280000000         6.028156072         6.029757837       
 0.7290000000         6.028070921         6.029668498       
 0.7300000000         6.027986151         6.029579557       
 0.7310000000         6.027901761         6.029491011       
 0.7320000000         6.027817748         6.029402857       
 0.7330000000         6.027734110         6.029315094       
 0.7340000000         6.027650845         6.029227720       
 0.7350000000         6.027567950         6.029140731       
 0.7360000000         6.027485424         6.029054126       
 0.7370000000         6.027403263         6.028967902       
 0.7380000000         6.027321467         6.028882058       
 0.7390000000         6.027240033         6.028796590       
 0.7400000000         6.027158958         6.028711498       
 0.7410000000         6.027078241         6.028626778       
 0.7420000000         6.026997880         6.028542429       
 0.7430000000         6.026917872         6.028458448       
 0.7440000000         6.026838216         6.028374833       
 0.7450000000         6.026758909         6.028291583       
 0.7460000000         6.026679950         6.028208694       
 0.7470000000         6.026601336         6.028126166       
 0.7480000000         6.026523066         6.028043995       
 0.7490000000         6.026445137         6.027962181       
 0.7500000000         6.026367548         6.027880720       
 0.7510000000         6.026290296         6.027799611       
 0.7520000000         6.026213380         6.027718852       
 0.7530000000         6.026136797         6.027638441       
 0.7540000000         6.026060547         6.027558376       
 0.7550000000         6.025984626         6.027478655       
 0.7560000000         6.025909033         6.027399275       
 0.7570000000         6.025833766         6.027320236       
 0.7580000000         6.025758824         6.027241535       
 0.7590000000         6.025684204         6.027163169       
 0.7600000000         6.025609904         6.027085139       
 0.7610000000         6.025535924         6.027007440       
 0.7620000000         6.025462260         6.026930073       
 0.7630000000         6.025388912         6.026853034       
 0.7640000000         6.025315877         6.026776321       
 0.7650000000         6.025243153         6.026699934       
 0.7660000000         6.025170740         6.026623870       
 0.7670000000         6.025098635         6.026548128       
 0.7680000000         6.025026836         6.026472705       
 0.7690000000         6.024955341         6.026397600       
 0.7700000000         6.024884150         6.026322811       
 0.7710000000         6.024813260         6.026248336       
 0.7720000000         6.024742670         6.026174174       
 0.7730000000         6.024672378         6.026100323       
 0.7740000000         6.024602382         6.026026780       
 0.7750000000         6.024532680         6.025953546       
 0.7760000000         6.024463272         6.025880617       
 0.7770000000         6.024394155         6.025807992       
 0.7780000000         6.024325328         6.025735669       
 0.7790000000         6.024256788         6.025663647       
 0.7800000000         6.024188536         6.025591924       
 0.7810000000         6.024120568         6.025520499       
 0.7820000000         6.024052884         6.025449369       
 0.7830000000         6.023985482         6.025378534       
 0.7840000000         6.023918360         6.025307991       
 0.7850000000         6.023851517         6.025237739       
 0.7860000000         6.023784951         6.025167776       
 0.7870000000         6.023718660         6.025098101       
 0.7880000000         6.023652644         6.025028713       
 0.7890000000         6.023586901         6.024959609       
 0.7900000000         6.023521429         6.024890788       
 0.7910000000         6.023456227         6.024822249       
 0.7920000000         6.023391293         6.024753991       
 0.7930000000         6.023326625         6.024686010       
 0.7940000000         6.023262223         6.024618307       
 0.7950000000         6.023198086         6.024550879       
 0.7960000000         6.023134210         6.024483726       
 0.7970000000         6.023070596         6.024416845       
 0.7980000000         6.023007241         6.024350235       
 0.7990000000         6.022944145         6.024283895       
 0.8000000000         6.022881305         6.024217824       
 0.8010000000         6.022818722         6.024152019       
 0.8020000000         6.022756392         6.024086480       
 0.8030000000         6.022694315         6.024021204       
 0.8040000000         6.022632489         6.023956192       
 0.8050000000         6.022570914         6.023891440       
 0.8060000000         6.022509587         6.023826949       
 0.8070000000         6.022448508         6.023762715       
 0.8080000000         6.022387674         6.023698739       
 0.8090000000         6.022327086         6.023635019       
 0.8100000000         6.022266741         6.023571553       
 0.8110000000         6.022206638         6.023508340       
 0.8120000000         6.022146776         6.023445379       
 0.8130000000         6.022087154         6.023382668       
 0.8140000000         6.022027770         6.023320206       
 0.8150000000         6.021968624         6.023257993       
 0.8160000000         6.021909713         6.023196025       
 0.8170000000         6.021851037         6.023134303       
 0.8180000000         6.021792594         6.023072824       
 0.8190000000         6.021734383         6.023011589       
 0.8200000000         6.021676403         6.022950594       
 0.8210000000         6.021618653         6.022889840       
 0.8220000000         6.021561132         6.022829324       
 0.8230000000         6.021503838         6.022769047       
 0.8240000000         6.021446770         6.022709005       
 0.8250000000         6.021389926         6.022649199       
 0.8260000000         6.021333307         6.022589626       
 0.8270000000         6.021276911         6.022530287       
 0.8280000000         6.021220735         6.022471179       
 0.8290000000         6.021164781         6.022412301       
 0.8300000000         6.021109045         6.022353652       
 0.8310000000         6.021053527         6.022295232       
 0.8320000000         6.020998227         6.022237038       
 0.8330000000         6.020943142         6.022179070       
 0.8340000000         6.020888272         6.022121326       
 0.8350000000         6.020833615         6.022063806       
 0.8360000000         6.020779171         6.022006508       
 0.8370000000         6.020724938         6.021949431       
 0.8380000000         6.020670916         6.021892574       
 0.8390000000         6.020617103         6.021835935       
 0.8400000000         6.020563498         6.021779515       
 0.8410000000         6.020510100         6.021723311       
 0.8420000000         6.020456908         6.021667322       
 0.8430000000         6.020403921         6.021611548       
 0.8440000000         6.020351138         6.021555987       
 0.8450000000         6.020298558         6.021500639       
 0.8460000000         6.020246180         6.021445501       
 0.8470000000         6.020194003         6.021390574       
 0.8480000000         6.020142025         6.021335856       
 0.8490000000         6.020090246         6.021281345       
 0.8500000000         6.020038666         6.021227042       
 0.8510000000         6.019987282         6.021172945       
 0.8520000000         6.019936093         6.021119052       
 0.8530000000         6.019885100         6.021065364       
 0.8540000000         6.019834301         6.021011878       
 0.8550000000         6.019783694         6.020958594       
 0.8560000000         6.019733279         6.020905511       
 0.8570000000         6.019683056         6.020852627       
 0.8580000000         6.019633022         6.020799943       
 0.8590000000         6.019583177         6.020747456       
 0.8600000000         6.019533521         6.020695167       
 0.8610000000         6.019484051         6.020643073       
 0.8620000000         6.019434768         6.020591174       
 0.8630000000         6.019385670         6.020539469       
 0.8640000000         6.019336757         6.020487956       
 0.8650000000         6.019288027         6.020436636       
 0.8660000000         6.019239479         6.020385507       
 0.8670000000         6.019191113         6.020334569       
 0.8680000000         6.019142928         6.020283819       
 0.8690000000         6.019094923         6.020233258       
 0.8700000000         6.019047097         6.020182884       
 0.8710000000         6.018999449         6.020132696       
 0.8720000000         6.018951978         6.020082694       
 0.8730000000         6.018904684         6.020032877       
 0.8740000000         6.018857564         6.019983243       
 0.8750000000         6.018810620         6.019933793       
 0.8760000000         6.018763849         6.019884524       
 0.8770000000         6.018717252         6.019835436       
 0.8780000000         6.018670826         6.019786528       
 0.8790000000         6.018624571         6.019737800       
 0.8800000000         6.018578487         6.019689250       
 0.8810000000         6.018532573         6.019640878       
 0.8820000000         6.018486827         6.019592682       
 0.8830000000         6.018441249         6.019544662       
 0.8840000000         6.018395838         6.019496817       
 0.8850000000         6.018350594         6.019449147       
 0.8860000000         6.018305515         6.019401649       
 0.8870000000         6.018260601         6.019354325       
 0.8880000000         6.018215850         6.019307171       
 0.8890000000         6.018171263         6.019260189       
 0.8900000000         6.018126838         6.019213377       
 0.8910000000         6.018082575         6.019166734       
 0.8920000000         6.018038472         6.019120259       
 0.8930000000         6.017994529         6.019073952       
 0.8940000000         6.017950746         6.019027811       
 0.8950000000         6.017907120         6.018981837       
 0.8960000000         6.017863653         6.018936028       
 0.8970000000         6.017820343         6.018890383       
 0.8980000000         6.017777188         6.018844902       
 0.8990000000         6.017734190         6.018799584       
 0.9000000000         6.017691346         6.018754428       
 0.9010000000         6.017648655         6.018709433       
 0.9020000000         6.017606119         6.018664599       
 0.9030000000         6.017563734         6.018619925       
 0.9040000000         6.017521502         6.018575409       
 0.9050000000         6.017479420         6.018531052       
 0.9060000000         6.017437489         6.018486853       
 0.9070000000         6.017395707         6.018442810       
 0.9080000000         6.017354075         6.018398924       
 0.9090000000         6.017312590         6.018355192       
 0.9100000000         6.017271254         6.018311616       
 0.9110000000         6.017230064         6.018268193       
 0.9120000000         6.017189020         6.018224924       
 0.9130000000         6.017148121         6.018181807       
 0.9140000000         6.017107368         6.018138841       
 0.9150000000         6.017066758         6.018096027       
 0.9160000000         6.017026292         6.018053363       
 0.9170000000         6.016985969         6.018010849       
 0.9180000000         6.016945788         6.017968484       
 0.9190000000         6.016905748         6.017926267       
 0.9200000000         6.016865849         6.017884197       
 0.9210000000         6.016826090         6.017842275       
 0.9220000000         6.016786470         6.017800498       
 0.9230000000         6.016746990         6.017758868       
 0.9240000000         6.016707647         6.017717382       
 0.9250000000         6.016668442         6.017676040       
 0.9260000000         6.016629374         6.017634842       
 0.9270000000         6.016590443         6.017593787       
 0.9280000000         6.016551646         6.017552874       
 0.9290000000         6.016512985         6.017512102       
 0.9300000000         6.016474459         6.017471472       
 0.9310000000         6.016436066         6.017430981       
 0.9320000000         6.016397806         6.017390631       
 0.9330000000         6.016359679         6.017350419       
 0.9340000000         6.016321683         6.017310346       
 0.9350000000         6.016283819         6.017270410       
 0.9360000000         6.016246086         6.017230612       
 0.9370000000         6.016208483         6.017190950       
 0.9380000000         6.016171009         6.017151424       
 0.9390000000         6.016133665         6.017112033       
 0.9400000000         6.016096448         6.017072777       
 0.9410000000         6.016059360         6.017033655       
 0.9420000000         6.016022399         6.016994666       
 0.9430000000         6.015985564         6.016955810       
 0.9440000000         6.015948855         6.016917087       
 0.9450000000         6.015912272         6.016878495       
 0.9460000000         6.015875814         6.016840034       
 0.9470000000         6.015839480         6.016801703       
 0.9480000000         6.015803270         6.016763502       
 0.9490000000         6.015767183         6.016725431       
 0.9500000000         6.015731219         6.016687488       
 0.9510000000         6.015695377         6.016649674       
 0.9520000000         6.015659656         6.016611987       
 0.9530000000         6.015624057         6.016574427       
 0.9540000000         6.015588578         6.016536993       
 0.9550000000         6.015553219         6.016499685       
 0.9560000000         6.015517979         6.016462503       
 0.9570000000         6.015482858         6.016425445       
 0.9580000000         6.015447856         6.016388512       
 0.9590000000         6.015412971         6.016351702       
 0.9600000000         6.015378204         6.016315015       
 0.9610000000         6.015343553         6.016278451       
 0.9620000000         6.015309019         6.016242009       
 0.9630000000         6.015274600         6.016205688       
 0.9640000000         6.015240297         6.016169488       
 0.9650000000         6.015206108         6.016133408       
 0.9660000000         6.015172033         6.016097449       
 0.9670000000         6.015138072         6.016061608       
 0.9680000000         6.015104225         6.016025887       
 0.9690000000         6.015070490         6.015990284       
 0.9700000000         6.015036867         6.015954798       
 0.9710000000         6.015003356         6.015919430       
 0.9720000000         6.014969956         6.015884179       
 0.9730000000         6.014936667         6.015849043       
 0.9740000000         6.014903488         6.015814024       
 0.9750000000         6.014870419         6.015779120       
 0.9760000000         6.014837459         6.015744330       
 0.9770000000         6.014804608         6.015709655       
 0.9780000000         6.014771865         6.015675093       
 0.9790000000         6.014739230         6.015640645       
 0.9800000000         6.014706702         6.015606309       
 0.9810000000         6.014674282         6.015572086       
 0.9820000000         6.014641967         6.015537974       
 0.9830000000         6.014609759         6.015503974       
 0.9840000000         6.014577656         6.015470084       
 0.9850000000         6.014545659         6.015436305       
 0.9860000000         6.014513766         6.015402635       
 0.9870000000         6.014481977         6.015369075       
 0.9880000000         6.014450291         6.015335624       
 0.9890000000         6.014418709         6.015302282       
 0.9900000000         6.014387230         6.015269047       
 0.9910000000         6.014355853         6.015235920       
 0.9920000000         6.014324579         6.015202899       
 0.9930000000         6.014293405         6.015169986       
 0.9940000000         6.014262333         6.015137178       
 0.9950000000         6.014231361         6.015104476       
 0.9960000000         6.014200489         6.015071880       
 0.9970000000         6.014169718         6.015039388       
 0.9980000000         6.014139045         6.015007001       
 0.9990000000         6.014108471         6.014974717       
  1.000000000         6.014077996         6.014942537       
  1.001000000         6.014047619         6.014910460       
  1.002000000         6.014017340         6.014878485       
  1.003000000         6.013987158         6.014846613       
  1.004000000         6.013957072         6.014814842       
  1.005000000         6.013927083         6.014783173       
  1.006000000         6.013897190         6.014751604       
  1.007000000         6.013867393         6.014720136       
  1.008000000         6.013837691         6.014688768       
  1.009000000         6.013808083         6.014657499       
  1.010000000         6.013778570         6.014626329       
  1.011000000         6.013749151         6.014595259       
  1.012000000         6.013719825         6.014564286       
  1.013000000         6.013690593         6.014533412       
  1.014000000         6.013661453         6.014502635       
  1.015000000         6.013632406         6.014471955       
  1.016000000         6.013603451         6.014441372       
  1.017000000         6.013574588         6.014410885       
  1.018000000         6.013545815         6.014380494       
  1.019000000         6.013517134         6.014350198       
  1.020000000         6.013488543         6.014319998       
  1.021000000         6.013460042         6.014289892       
  1.022000000         6.013431631         6.014259881       
  1.023000000         6.013403309         6.014229963       
  1.024000000         6.013375077         6.014200139       
  1.025000000         6.013346933         6.014170408       
  1.026000000         6.013318877         6.014140770       
  1.027000000         6.013290909         6.014111225       
  1.028000000         6.013263028         6.014081771       
  1.029000000         6.013235235         6.014052409       
  1.030000000         6.013207528         6.014023138       
  1.031000000         6.013179908         6.013993958       
  1.032000000         6.013152374         6.013964868       
  1.033000000         6.013124926         6.013935868       
  1.034000000         6.013097563         6.013906959       
  1.035000000         6.013070285         6.013878138       
  1.036000000         6.013043091         6.013849407       
  1.037000000         6.013015982         6.013820764       
  1.038000000         6.012988957         6.013792209       
  1.039000000         6.012962016         6.013763743       
  1.040000000         6.012935158         6.013735364       
  1.041000000         6.012908383         6.013707072       
  1.042000000         6.012881690         6.013678867       
  1.043000000         6.012855080         6.013650749       
  1.044000000         6.012828551         6.013622716       
  1.045000000         6.012802104         6.013594770       
  1.046000000         6.012775739         6.013566908       
  1.047000000         6.012749454         6.013539132       
  1.048000000         6.012723250         6.013511441       
  1.049000000         6.012697126         6.013483834       
  1.050000000         6.012671083         6.013456311       
  1.051000000         6.012645118         6.013428872       
  1.052000000         6.012619233         6.013401517       
  1.053000000         6.012593428         6.013374244       
  1.054000000         6.012567700         6.013347054       
  1.055000000         6.012542051         6.013319947       
  1.056000000         6.012516480         6.013292921       
  1.057000000         6.012490987         6.013265977       
  1.058000000         6.012465571         6.013239115       
  1.059000000         6.012440233         6.013212334       
  1.060000000         6.012414971         6.013185633       
  1.061000000         6.012389785         6.013159013       
  1.062000000         6.012364676         6.013132473       
  1.063000000         6.012339642         6.013106013       
  1.064000000         6.012314684         6.013079632       
  1.065000000         6.012289802         6.013053331       
  1.066000000         6.012264994         6.013027108       
  1.067000000         6.012240261         6.013000964       
  1.068000000         6.012215602         6.012974898       
  1.069000000         6.012191018         6.012948910       
  1.070000000         6.012166507         6.012922999       
  1.071000000         6.012142069         6.012897166       
  1.072000000         6.012117705         6.012871410       
  1.073000000         6.012093414         6.012845730       
  1.074000000         6.012069195         6.012820127       
  1.075000000         6.012045048         6.012794600       
  1.076000000         6.012020974         6.012769148       
  1.077000000         6.011996971         6.012743772       
  1.078000000         6.011973040         6.012718472       
  1.079000000         6.011949180         6.012693246       
  1.080000000         6.011925391         6.012668095       
  1.081000000         6.011901672         6.012643018       
  1.082000000         6.011878024         6.012618015       
  1.083000000         6.011854445         6.012593086       
  1.084000000         6.011830937         6.012568230       
  1.085000000         6.011807498         6.012543447       
  1.086000000         6.011784128         6.012518738       
  1.087000000         6.011760828         6.012494101       
  1.088000000         6.011737596         6.012469536       
  1.089000000         6.011714432         6.012445043       
  1.090000000         6.011691337         6.012420622       
  1.091000000         6.011668309         6.012396272       
  1.092000000         6.011645349         6.012371993       
  1.093000000         6.011622457         6.012347786       
  1.094000000         6.011599631         6.012323649       
  1.095000000         6.011576873         6.012299582       
  1.096000000         6.011554181         6.012275586       
  1.097000000         6.011531555         6.012251659       
  1.098000000         6.011508995         6.012227802       
  1.099000000         6.011486501         6.012204014       
  1.100000000         6.011464073         6.012180295       
  1.101000000         6.011441710         6.012156644       
  1.102000000         6.011419412         6.012133063       
  1.103000000         6.011397179         6.012109549       
  1.104000000         6.011375011         6.012086104       
  1.105000000         6.011352906         6.012062726       
  1.106000000         6.011330866         6.012039415       
  1.107000000         6.011308890         6.012016172       
  1.108000000         6.011286977         6.011992996       
  1.109000000         6.011265127         6.011969886       
  1.110000000         6.011243341         6.011946843       
  1.111000000         6.011221617         6.011923866       
  1.112000000         6.011199956         6.011900954       
  1.113000000         6.011178358         6.011878109       
  1.114000000         6.011156821         6.011855329       
  1.115000000         6.011135347         6.011832614       
  1.116000000         6.011113934         6.011809964       
  1.117000000         6.011092582         6.011787378       
  1.118000000         6.011071292         6.011764857       
  1.119000000         6.011050062         6.011742400       
  1.120000000         6.011028894         6.011720007       
  1.121000000         6.011007785         6.011697678       
  1.122000000         6.010986737         6.011675412       
  1.123000000         6.010965749         6.011653210       
  1.124000000         6.010944821         6.011631070       
  1.125000000         6.010923953         6.011608993       
  1.126000000         6.010903143         6.011586979       
  1.127000000         6.010882393         6.011565027       
  1.128000000         6.010861702         6.011543137       
  1.129000000         6.010841069         6.011521308       
  1.130000000         6.010820495         6.011499542       
  1.131000000         6.010799979         6.011477836       
  1.132000000         6.010779522         6.011456192       
  1.133000000         6.010759122         6.011434608       
  1.134000000         6.010738779         6.011413086       
  1.135000000         6.010718494         6.011391623       
  1.136000000         6.010698266         6.011370221       
  1.137000000         6.010678095         6.011348879       
  1.138000000         6.010657981         6.011327597       
  1.139000000         6.010637923         6.011306374       
  1.140000000         6.010617922         6.011285210       
  1.141000000         6.010597977         6.011264106       
  1.142000000         6.010578087         6.011243060       
  1.143000000         6.010558253         6.011222073       
  1.144000000         6.010538475         6.011201145       
  1.145000000         6.010518752         6.011180275       
  1.146000000         6.010499084         6.011159462       
  1.147000000         6.010479471         6.011138708       
  1.148000000         6.010459913         6.011118011       
  1.149000000         6.010440409         6.011097372       
  1.150000000         6.010420959         6.011076789       
  1.151000000         6.010401564         6.011056264       
  1.152000000         6.010382222         6.011035795       
  1.153000000         6.010362934         6.011015383       
  1.154000000         6.010343699         6.010995027       
  1.155000000         6.010324518         6.010974728       
  1.156000000         6.010305389         6.010954484       
  1.157000000         6.010286314         6.010934296       
  1.158000000         6.010267291         6.010914163       
  1.159000000         6.010248321         6.010894086       
  1.160000000         6.010229403         6.010874064       
  1.161000000         6.010210537         6.010854096       
  1.162000000         6.010191723         6.010834184       
  1.163000000         6.010172961         6.010814326       
  1.164000000         6.010154250         6.010794522       
  1.165000000         6.010135591         6.010774772       
  1.166000000         6.010116982         6.010755077       
  1.167000000         6.010098425         6.010735435       
  1.168000000         6.010079919         6.010715846       
  1.169000000         6.010061463         6.010696311       
  1.170000000         6.010043057         6.010676829       
  1.171000000         6.010024702         6.010657400       
  1.172000000         6.010006397         6.010638024       
  1.173000000         6.009988142         6.010618700       
  1.174000000         6.009969936         6.010599428       
  1.175000000         6.009951780         6.010580209       
  1.176000000         6.009933673         6.010561042       
  1.177000000         6.009915616         6.010541927       
  1.178000000         6.009897607         6.010522863       
  1.179000000         6.009879647         6.010503850       
  1.180000000         6.009861736         6.010484889       
  1.181000000         6.009843874         6.010465979       
  1.182000000         6.009826059         6.010447120       
  1.183000000         6.009808293         6.010428312       
  1.184000000         6.009790575         6.010409554       
  1.185000000         6.009772904         6.010390846       
  1.186000000         6.009755281         6.010372189       
  1.187000000         6.009737705         6.010353582       
  1.188000000         6.009720177         6.010335024       
  1.189000000         6.009702696         6.010316516       
  1.190000000         6.009685261         6.010298058       
  1.191000000         6.009667874         6.010279649       
  1.192000000         6.009650533         6.010261289       
  1.193000000         6.009633238         6.010242977       
  1.194000000         6.009615990         6.010224715       
  1.195000000         6.009598788         6.010206501       
  1.196000000         6.009581631         6.010188336       
  1.197000000         6.009564521         6.010170219       
  1.198000000         6.009547456         6.010152150       
  1.199000000         6.009530436         6.010134129       
  1.200000000         6.009513462         6.010116155       
