 0.1000000000E-00001  12.00000000         12.00000000       
 0.1100000000E-00001  12.00000002         12.00000001       
 0.1200000000E-00001  12.00000011         12.00000010       
 0.1300000000E-00001  12.00000060         12.00000054       
 0.1400000000E-00001  12.00000251         12.00000225       
 0.1500000000E-00001  12.00000858         12.00000769       
 0.1600000000E-00001  12.00002492         12.00002233       
 0.1700000000E-00001  12.00006339         12.00005680       
 0.1800000000E-00001  12.00014439         12.00012938       
 0.1900000000E-00001  12.00029986         12.00026868       
 0.2000000000E-00001  12.00057578         12.00051591       
 0.2100000000E-00001  12.00103405         12.00092654       
 0.2200000000E-00001  12.00175318         12.00157090       
 0.2300000000E-00001  12.00282783         12.00253382       
 0.2400000000E-00001  12.00436718         12.00391313       
 0.2500000000E-00001  12.00649222         12.00581726       
 0.2600000000E-00001  12.00933244         12.00836224       
 0.2700000000E-00001  12.01302187         12.01166821       
 0.2800000000E-00001  12.01769510         12.01585583       
 0.2900000000E-00001  12.02348330         12.02104271       
 0.3000000000E-00001  12.03051051         12.02734011       
 0.3100000000E-00001  12.03889037         12.03485009       
 0.3200000000E-00001  12.04872344         12.04366299       
 0.3300000000E-00001  12.06009493         12.05385555       
 0.3400000000E-00001  12.07307319         12.06548949       
 0.3500000000E-00001  12.08770863         12.07861060       
 0.3600000000E-00001  12.10403319         12.09324828       
 0.3700000000E-00001  12.12206031         12.10941552       
 0.3800000000E-00001  12.14178521         12.12710917       
 0.3900000000E-00001  12.16318561         12.14631060       
 0.4000000000E-00001  12.18622266         12.16698652       
 0.4100000000E-00001  12.21084206         12.18909002       
 0.4200000000E-00001  12.23697541         12.21256176       
 0.4300000000E-00001  12.26454166         12.23733122       
 0.4400000000E-00001  12.29344855         12.26331804       
 0.4500000000E-00001  12.32359419         12.29043337       
 0.4600000000E-00001  12.35486860         12.31858126       
 0.4700000000E-00001  12.38715520         12.34765993       
 0.4800000000E-00001  12.42033234         12.37756311       
 0.4900000000E-00001  12.45427465         12.40818127       
 0.5000000000E-00001  12.48885446         12.43940277       
 0.5100000000E-00001  12.52394302         12.47111500       
 0.5200000000E-00001  12.55941170         12.50320533       
 0.5300000000E-00001  12.59513306         12.53556210       
 0.5400000000E-00001  12.63098182         12.56807545       
 0.5500000000E-00001  12.66683578         12.60063806       
 0.5600000000E-00001  12.70257659         12.63314584       
 0.5700000000E-00001  12.73809041         12.66549850       
 0.5800000000E-00001  12.77326853         12.69760006       
 0.5900000000E-00001  12.80800782         12.72935928       
 0.6000000000E-00001  12.84221121         12.76069000       
 0.6100000000E-00001  12.87578791         12.79151139       
 0.6200000000E-00001  12.90865374         12.82174822       
 0.6300000000E-00001  12.94073121         12.85133090       
 0.6400000000E-00001  12.97194966         12.88019567       
 0.6500000000E-00001  13.00224528         12.90828456       
 0.6600000000E-00001  13.03156108         12.93554539       
 0.6700000000E-00001  13.05984678         12.96193173       
 0.6800000000E-00001  13.08705871         12.98740277       
 0.6900000000E-00001  13.11315962         13.01192317       
 0.7000000000E-00001  13.13811848         13.03546296       
 0.7100000000E-00001  13.16191024         13.05799729       
 0.7200000000E-00001  13.18451558         13.07950623       
 0.7300000000E-00001  13.20592062         13.09997456       
 0.7400000000E-00001  13.22611659         13.11939152       
 0.7500000000E-00001  13.24509959         13.13775055       
 0.7600000000E-00001  13.26287020         13.15504904       
 0.7700000000E-00001  13.27943323         13.17128807       
 0.7800000000E-00001  13.29479732         13.18647213       
 0.7900000000E-00001  13.30897470         13.20060889       
 0.8000000000E-00001  13.32198080         13.21370890       
 0.8100000000E-00001  13.33383402         13.22578535       
 0.8200000000E-00001  13.34455536         13.23685382       
 0.8300000000E-00001  13.35416815         13.24693206       
 0.8400000000E-00001  13.36269781         13.25603970       
 0.8500000000E-00001  13.37017153         13.26419810       
 0.8600000000E-00001  13.37661803         13.27143007       
 0.8700000000E-00001  13.38206735         13.27775970       
 0.8800000000E-00001  13.38655059         13.28321216       
 0.8900000000E-00001  13.39009972         13.28781351       
 0.9000000000E-00001  13.39274737         13.29159055       
 0.9100000000E-00001  13.39452664         13.29457066       
 0.9200000000E-00001  13.39547095         13.29678160       
 0.9300000000E-00001  13.39561389         13.29825147       
 0.9400000000E-00001  13.39498904         13.29900849       
 0.9500000000E-00001  13.39362990         13.29908094       
 0.9600000000E-00001  13.39156970         13.29849704       
 0.9700000000E-00001  13.38884137         13.29728485       
 0.9800000000E-00001  13.38547739         13.29547221       
 0.9900000000E-00001  13.38150976         13.29308662       
 0.1000000000         13.37696986         13.29015519       
 0.1010000000         13.37188846         13.28670462       
 0.1020000000         13.36629561         13.28276108       
 0.1030000000         13.36022063         13.27835020       
 0.1040000000         13.35369205         13.27349704       
 0.1050000000         13.34673759         13.26822603       
 0.1060000000         13.33938414         13.26256097       
 0.1070000000         13.33165772         13.25652497       
 0.1080000000         13.32358350         13.25014049       
 0.1090000000         13.31518574         13.24342927       
 0.1100000000         13.30648787         13.23641235       
 0.1110000000         13.29751239         13.22911006       
 0.1120000000         13.28828095         13.22154201       
 0.1130000000         13.27881432         13.21372710       
 0.1140000000         13.26913242         13.20568352       
 0.1150000000         13.25925431         13.19742876       
 0.1160000000         13.24919822         13.18897962       
 0.1170000000         13.23898156         13.18035219       
 0.1180000000         13.22862095         13.17156190       
 0.1190000000         13.21813220         13.16262352       
 0.1200000000         13.20753038         13.15355116       
 0.1210000000         13.19682983         13.14435830       
 0.1220000000         13.18604413         13.13505780       
 0.1230000000         13.17518621         13.12566191       
 0.1240000000         13.16426829         13.11618231       
 0.1250000000         13.15330195         13.10663010       
 0.1260000000         13.14229814         13.09701582       
 0.1270000000         13.13126720         13.08734948       
 0.1280000000         13.12021888         13.07764059       
 0.1290000000         13.10916238         13.06789813       
 0.1300000000         13.09810635         13.05813062       
 0.1310000000         13.08705893         13.04834612       
 0.1320000000         13.07602774         13.03855222       
 0.1330000000         13.06501996         13.02875611       
 0.1340000000         13.05404228         13.01896453       
 0.1350000000         13.04310099         13.00918387       
 0.1360000000         13.03220192         12.99942009       
 0.1370000000         13.02135054         12.98967883       
 0.1380000000         13.01055193         12.97996535       
 0.1390000000         12.99981081         12.97028460       
 0.1400000000         12.98913155         12.96064119       
 0.1410000000         12.97851820         12.95103945       
 0.1420000000         12.96797450         12.94148339       
 0.1430000000         12.95750389         12.93197677       
 0.1440000000         12.94710953         12.92252307       
 0.1450000000         12.93679433         12.91312552       
 0.1460000000         12.92656093         12.90378711       
 0.1470000000         12.91641174         12.89451061       
 0.1480000000         12.90634894         12.88529856       
 0.1490000000         12.89637451         12.87615331       
 0.1500000000         12.88649020         12.86707701       
 0.1510000000         12.87669760         12.85807162       
 0.1520000000         12.86699811         12.84913891       
 0.1530000000         12.85739296         12.84028052       
 0.1540000000         12.84788321         12.83149789       
 0.1550000000         12.83846978         12.82279235       
 0.1560000000         12.82915346         12.81416505       
 0.1570000000         12.81993488         12.80561705       
 0.1580000000         12.81081457         12.79714924       
 0.1590000000         12.80179293         12.78876242       
 0.1600000000         12.79287025         12.78045727       
 0.1610000000         12.78404672         12.77223435       
 0.1620000000         12.77532243         12.76409415       
 0.1630000000         12.76669739         12.75603705       
 0.1640000000         12.75817152         12.74806332       
 0.1650000000         12.74974466         12.74017319       
 0.1660000000         12.74141657         12.73236678       
 0.1670000000         12.73318695         12.72464415       
 0.1680000000         12.72505544         12.71700529       
 0.1690000000         12.71702162         12.70945011       
 0.1700000000         12.70908501         12.70197849       
 0.1710000000         12.70124508         12.69459024       
 0.1720000000         12.69350125         12.68728511       
 0.1730000000         12.68585293         12.68006280       
 0.1740000000         12.67829943         12.67292299       
 0.1750000000         12.67084008         12.66586528       
 0.1760000000         12.66347415         12.65888926       
 0.1770000000         12.65620088         12.65199448       
 0.1780000000         12.64901949         12.64518045       
 0.1790000000         12.64192917         12.63844664       
 0.1800000000         12.63492909         12.63179251       
 0.1810000000         12.62801840         12.62521748       
 0.1820000000         12.62119624         12.61872095       
 0.1830000000         12.61446171         12.61230231       
 0.1840000000         12.60781393         12.60596091       
 0.1850000000         12.60125197         12.59969609       
 0.1860000000         12.59477492         12.59350719       
 0.1870000000         12.58838185         12.58739350       
 0.1880000000         12.58207181         12.58135432       
 0.1890000000         12.57584387         12.57538894       
 0.1900000000         12.56969708         12.56949664       
 0.1910000000         12.56363047         12.56367667       
 0.1920000000         12.55764310         12.55792831       
 0.1930000000         12.55173401         12.55225078       
 0.1940000000         12.54590225         12.54664335       
 0.1950000000         12.54014684         12.54110525       
 0.1960000000         12.53446684         12.53563571       
 0.1970000000         12.52886130         12.53023397       
 0.1980000000         12.52332925         12.52489927       
 0.1990000000         12.51786976         12.51963082       
 0.2000000000         12.51248188         12.51442787       
 0.2010000000         12.50716467         12.50928963       
 0.2020000000         12.50191719         12.50421534       
 0.2030000000         12.49673851         12.49920424       
 0.2040000000         12.49162772         12.49425555       
 0.2050000000         12.48658390         12.48936851       
 0.2060000000         12.48160614         12.48454236       
 0.2070000000         12.47669353         12.47977634       
 0.2080000000         12.47184518         12.47506970       
 0.2090000000         12.46706021         12.47042168       
 0.2100000000         12.46233773         12.46583155       
 0.2110000000         12.45767688         12.46129856       
 0.2120000000         12.45307680         12.45682197       
 0.2130000000         12.44853662         12.45240106       
 0.2140000000         12.44405552         12.44803510       
 0.2150000000         12.43963265         12.44372337       
 0.2160000000         12.43526719         12.43946516       
 0.2170000000         12.43095833         12.43525977       
 0.2180000000         12.42670525         12.43110649       
 0.2190000000         12.42250715         12.42700462       
 0.2200000000         12.41836326         12.42295349       
 0.2210000000         12.41427280         12.41895242       
 0.2220000000         12.41023499         12.41500072       
 0.2230000000         12.40624907         12.41109774       
 0.2240000000         12.40231430         12.40724282       
 0.2250000000         12.39842995         12.40343530       
 0.2260000000         12.39459527         12.39967454       
 0.2270000000         12.39080954         12.39595990       
 0.2280000000         12.38707207         12.39229076       
 0.2290000000         12.38338215         12.38866649       
 0.2300000000         12.37973908         12.38508648       
 0.2310000000         12.37614219         12.38155012       
 0.2320000000         12.37259080         12.37805681       
 0.2330000000         12.36908425         12.37460596       
 0.2340000000         12.36562189         12.37119698       
 0.2350000000         12.36220308         12.36782930       
 0.2360000000         12.35882717         12.36450235       
 0.2370000000         12.35549355         12.36121556       
 0.2380000000         12.35220160         12.35796837       
 0.2390000000         12.34895070         12.35476025       
 0.2400000000         12.34574027         12.35159065       
 0.2410000000         12.34256971         12.34845903       
 0.2420000000         12.33943844         12.34536487       
 0.2430000000         12.33634589         12.34230765       
 0.2440000000         12.33329149         12.33928686       
 0.2450000000         12.33027470         12.33630200       
 0.2460000000         12.32729496         12.33335256       
 0.2470000000         12.32435173         12.33043805       
 0.2480000000         12.32144449         12.32755799       
 0.2490000000         12.31857271         12.32471191       
 0.2500000000         12.31573588         12.32189932       
 0.2510000000         12.31293349         12.31911978       
 0.2520000000         12.31016504         12.31637281       
 0.2530000000         12.30743005         12.31365797       
 0.2540000000         12.30472802         12.31097482       
 0.2550000000         12.30205849         12.30832292       
 0.2560000000         12.29942098         12.30570183       
 0.2570000000         12.29681504         12.30311113       
 0.2580000000         12.29424020         12.30055039       
 0.2590000000         12.29169603         12.29801922       
 0.2600000000         12.28918208         12.29551720       
 0.2610000000         12.28669791         12.29304392       
 0.2620000000         12.28424311         12.29059900       
 0.2630000000         12.28181725         12.28818204       
 0.2640000000         12.27941993         12.28579267       
 0.2650000000         12.27705072         12.28343049       
 0.2660000000         12.27470924         12.28109514       
 0.2670000000         12.27239508         12.27878626       
 0.2680000000         12.27010787         12.27650348       
 0.2690000000         12.26784721         12.27424644       
 0.2700000000         12.26561274         12.27201480       
 0.2710000000         12.26340409         12.26980820       
 0.2720000000         12.26122088         12.26762631       
 0.2730000000         12.25906276         12.26546879       
 0.2740000000         12.25692938         12.26333532       
 0.2750000000         12.25482039         12.26122556       
 0.2760000000         12.25273546         12.25913920       
 0.2770000000         12.25067423         12.25707592       
 0.2780000000         12.24863639         12.25503540       
 0.2790000000         12.24662161         12.25301735       
 0.2800000000         12.24462956         12.25102145       
 0.2810000000         12.24265993         12.24904742       
 0.2820000000         12.24071241         12.24709496       
 0.2830000000         12.23878669         12.24516378       
 0.2840000000         12.23688248         12.24325360       
 0.2850000000         12.23499947         12.24136414       
 0.2860000000         12.23313738         12.23949511       
 0.2870000000         12.23129592         12.23764626       
 0.2880000000         12.22947480         12.23581730       
 0.2890000000         12.22767375         12.23400799       
 0.2900000000         12.22589249         12.23221805       
 0.2910000000         12.22413076         12.23044724       
 0.2920000000         12.22238828         12.22869529       
 0.2930000000         12.22066480         12.22696197       
 0.2940000000         12.21896006         12.22524703       
 0.2950000000         12.21727381         12.22355023       
 0.2960000000         12.21560579         12.22187132       
 0.2970000000         12.21395577         12.22021009       
 0.2980000000         12.21232349         12.21856628       
 0.2990000000         12.21070873         12.21693969       
 0.3000000000         12.20911125         12.21533008       
 0.3010000000         12.20753081         12.21373724       
 0.3020000000         12.20596720         12.21216095       
 0.3030000000         12.20442018         12.21060099       
 0.3040000000         12.20288954         12.20905716       
 0.3050000000         12.20137506         12.20752925       
 0.3060000000         12.19987653         12.20601705       
 0.3070000000         12.19839374         12.20452036       
 0.3080000000         12.19692647         12.20303898       
 0.3090000000         12.19547453         12.20157272       
 0.3100000000         12.19403772         12.20012139       
 0.3110000000         12.19261584         12.19868479       
 0.3120000000         12.19120869         12.19726275       
 0.3130000000         12.18981608         12.19585506       
 0.3140000000         12.18843783         12.19446156       
 0.3150000000         12.18707374         12.19308207       
 0.3160000000         12.18572364         12.19171640       
 0.3170000000         12.18438734         12.19036439       
 0.3180000000         12.18306467         12.18902587       
 0.3190000000         12.18175545         12.18770066       
 0.3200000000         12.18045952         12.18638859       
 0.3210000000         12.17917669         12.18508952       
 0.3220000000         12.17790680         12.18380326       
 0.3230000000         12.17664970         12.18252968       
 0.3240000000         12.17540521         12.18126860       
 0.3250000000         12.17417317         12.18001987       
 0.3260000000         12.17295344         12.17878335       
 0.3270000000         12.17174585         12.17755888       
 0.3280000000         12.17055025         12.17634631       
 0.3290000000         12.16936650         12.17514550       
 0.3300000000         12.16819443         12.17395630       
 0.3310000000         12.16703392         12.17277858       
 0.3320000000         12.16588480         12.17161219       
 0.3330000000         12.16474695         12.17045700       
 0.3340000000         12.16362022         12.16931287       
 0.3350000000         12.16250447         12.16817966       
 0.3360000000         12.16139957         12.16705725       
 0.3370000000         12.16030539         12.16594550       
 0.3380000000         12.15922179         12.16484429       
 0.3390000000         12.15814864         12.16375349       
 0.3400000000         12.15708582         12.16267298       
 0.3410000000         12.15603319         12.16160263       
 0.3420000000         12.15499064         12.16054232       
 0.3430000000         12.15395805         12.15949194       
 0.3440000000         12.15293528         12.15845136       
 0.3450000000         12.15192223         12.15742047       
 0.3460000000         12.15091877         12.15639915       
 0.3470000000         12.14992479         12.15538730       
 0.3480000000         12.14894018         12.15438480       
 0.3490000000         12.14796483         12.15339154       
 0.3500000000         12.14699861         12.15240741       
 0.3510000000         12.14604143         12.15143231       
 0.3520000000         12.14509318         12.15046613       
 0.3530000000         12.14415375         12.14950877       
 0.3540000000         12.14322303         12.14856012       
 0.3550000000         12.14230093         12.14762009       
 0.3560000000         12.14138733         12.14668858       
 0.3570000000         12.14048215         12.14576548       
 0.3580000000         12.13958528         12.14485070       
 0.3590000000         12.13869663         12.14394414       
 0.3600000000         12.13781609         12.14304572       
 0.3610000000         12.13694358         12.14215534       
 0.3620000000         12.13607900         12.14127290       
 0.3630000000         12.13522226         12.14039831       
 0.3640000000         12.13437327         12.13953150       
 0.3650000000         12.13353193         12.13867236       
 0.3660000000         12.13269817         12.13782081       
 0.3670000000         12.13187189         12.13697677       
 0.3680000000         12.13105300         12.13614015       
 0.3690000000         12.13024143         12.13531088       
 0.3700000000         12.12943709         12.13448885       
 0.3710000000         12.12863989         12.13367401       
 0.3720000000         12.12784976         12.13286626       
 0.3730000000         12.12706662         12.13206552       
 0.3740000000         12.12629038         12.13127172       
 0.3750000000         12.12552097         12.13048479       
 0.3760000000         12.12475831         12.12970464       
 0.3770000000         12.12400232         12.12893120       
 0.3780000000         12.12325294         12.12816440       
 0.3790000000         12.12251008         12.12740416       
 0.3800000000         12.12177367         12.12665042       
 0.3810000000         12.12104365         12.12590310       
 0.3820000000         12.12031994         12.12516213       
 0.3830000000         12.11960247         12.12442744       
 0.3840000000         12.11889117         12.12369896       
 0.3850000000         12.11818597         12.12297663       
 0.3860000000         12.11748681         12.12226039       
 0.3870000000         12.11679362         12.12155015       
 0.3880000000         12.11610633         12.12084587       
 0.3890000000         12.11542489         12.12014747       
 0.3900000000         12.11474922         12.11945490       
 0.3910000000         12.11407926         12.11876808       
 0.3920000000         12.11341496         12.11808696       
 0.3930000000         12.11275624         12.11741149       
 0.3940000000         12.11210305         12.11674159       
 0.3950000000         12.11145534         12.11607721       
 0.3960000000         12.11081303         12.11541829       
 0.3970000000         12.11017608         12.11476477       
 0.3980000000         12.10954442         12.11411660       
 0.3990000000         12.10891800         12.11347373       
 0.4000000000         12.10829676         12.11283608       
 0.4010000000         12.10768065         12.11220361       
 0.4020000000         12.10706961         12.11157628       
 0.4030000000         12.10646359         12.11095401       
 0.4040000000         12.10586254         12.11033676       
 0.4050000000         12.10526640         12.10972448       
 0.4060000000         12.10467512         12.10911712       
 0.4070000000         12.10408866         12.10851462       
 0.4080000000         12.10350695         12.10791693       
 0.4090000000         12.10292995         12.10732401       
 0.4100000000         12.10235762         12.10673581       
 0.4110000000         12.10178989         12.10615228       
 0.4120000000         12.10122674         12.10557336       
 0.4130000000         12.10066809         12.10499902       
 0.4140000000         12.10011392         12.10442921       
 0.4150000000         12.09956418         12.10386387       
 0.4160000000         12.09901881         12.10330298       
 0.4170000000         12.09847778         12.10274647       
 0.4180000000         12.09794103         12.10219431       
 0.4190000000         12.09740853         12.10164645       
 0.4200000000         12.09688024         12.10110285       
 0.4210000000         12.09635610         12.10056347       
 0.4220000000         12.09583608         12.10002826       
 0.4230000000         12.09532013         12.09949718       
 0.4240000000         12.09480822         12.09897020       
 0.4250000000         12.09430030         12.09844726       
 0.4260000000         12.09379633         12.09792834       
 0.4270000000         12.09329628         12.09741339       
 0.4280000000         12.09280010         12.09690236       
 0.4290000000         12.09230775         12.09639523       
 0.4300000000         12.09181920         12.09589196       
 0.4310000000         12.09133441         12.09539250       
 0.4320000000         12.09085334         12.09489682       
 0.4330000000         12.09037596         12.09440489       
 0.4340000000         12.08990222         12.09391666       
 0.4350000000         12.08943210         12.09343209       
 0.4360000000         12.08896555         12.09295117       
 0.4370000000         12.08850254         12.09247384       
 0.4380000000         12.08804304         12.09200007       
 0.4390000000         12.08758701         12.09152984       
 0.4400000000         12.08713441         12.09106310       
 0.4410000000         12.08668523         12.09059982       
 0.4420000000         12.08623941         12.09013997       
 0.4430000000         12.08579693         12.08968351       
 0.4440000000         12.08535775         12.08923042       
 0.4450000000         12.08492185         12.08878066       
 0.4460000000         12.08448919         12.08833420       
 0.4470000000         12.08405975         12.08789101       
 0.4480000000         12.08363348         12.08745106       
 0.4490000000         12.08321036         12.08701431       
 0.4500000000         12.08279036         12.08658074       
 0.4510000000         12.08237345         12.08615031       
 0.4520000000         12.08195960         12.08572300       
 0.4530000000         12.08154878         12.08529878       
 0.4540000000         12.08114097         12.08487761       
 0.4550000000         12.08073612         12.08445948       
 0.4560000000         12.08033423         12.08404435       
 0.4570000000         12.07993525         12.08363219       
 0.4580000000         12.07953915         12.08322298       
 0.4590000000         12.07914593         12.08281669       
 0.4600000000         12.07875554         12.08241329       
 0.4610000000         12.07836795         12.08201275       
 0.4620000000         12.07798316         12.08161505       
 0.4630000000         12.07760111         12.08122017       
 0.4640000000         12.07722180         12.08082807       
 0.4650000000         12.07684520         12.08043873       
 0.4660000000         12.07647128         12.08005213       
 0.4670000000         12.07610001         12.07966824       
 0.4680000000         12.07573138         12.07928704       
 0.4690000000         12.07536535         12.07890850       
 0.4700000000         12.07500191         12.07853259       
 0.4710000000         12.07464102         12.07815930       
 0.4720000000         12.07428268         12.07778860       
 0.4730000000         12.07392684         12.07742047       
 0.4740000000         12.07357350         12.07705488       
 0.4750000000         12.07322263         12.07669181       
 0.4760000000         12.07287419         12.07633124       
 0.4770000000         12.07252819         12.07597315       
 0.4780000000         12.07218458         12.07561751       
 0.4790000000         12.07184336         12.07526431       
 0.4800000000         12.07150449         12.07491351       
 0.4810000000         12.07116796         12.07456510       
 0.4820000000         12.07083374         12.07421906       
 0.4830000000         12.07050182         12.07387537       
 0.4840000000         12.07017217         12.07353401       
 0.4850000000         12.06984478         12.07319495       
 0.4860000000         12.06951962         12.07285817       
 0.4870000000         12.06919668         12.07252366       
 0.4880000000         12.06887593         12.07219140       
 0.4890000000         12.06855736         12.07186136       
 0.4900000000         12.06824094         12.07153353       
 0.4910000000         12.06792666         12.07120789       
 0.4920000000         12.06761450         12.07088442       
 0.4930000000         12.06730444         12.07056309       
 0.4940000000         12.06699646         12.07024390       
 0.4950000000         12.06669054         12.06992682       
 0.4960000000         12.06638667         12.06961183       
 0.4970000000         12.06608483         12.06929892       
 0.4980000000         12.06578499         12.06898807       
 0.4990000000         12.06548715         12.06867926       
 0.5000000000         12.06519128         12.06837247       
 0.5010000000         12.06489737         12.06806769       
 0.5020000000         12.06460540         12.06776490       
 0.5030000000         12.06431536         12.06746408       
 0.5040000000         12.06402722         12.06716522       
 0.5050000000         12.06374098         12.06686830       
 0.5060000000         12.06345661         12.06657330       
 0.5070000000         12.06317410         12.06628020       
 0.5080000000         12.06289343         12.06598900       
 0.5090000000         12.06261459         12.06569967       
 0.5100000000         12.06233756         12.06541219       
 0.5110000000         12.06206233         12.06512656       
 0.5120000000         12.06178888         12.06484276       
 0.5130000000         12.06151720         12.06456078       
 0.5140000000         12.06124727         12.06428058       
 0.5150000000         12.06097907         12.06400218       
 0.5160000000         12.06071260         12.06372553       
 0.5170000000         12.06044784         12.06345065       
 0.5180000000         12.06018477         12.06317750       
 0.5190000000         12.05992338         12.06290607       
 0.5200000000         12.05966365         12.06263636       
 0.5210000000         12.05940558         12.06236834       
 0.5220000000         12.05914914         12.06210200       
 0.5230000000         12.05889433         12.06183733       
 0.5240000000         12.05864113         12.06157431       
 0.5250000000         12.05838952         12.06131294       
 0.5260000000         12.05813950         12.06105319       
 0.5270000000         12.05789106         12.06079506       
 0.5280000000         12.05764417         12.06053853       
 0.5290000000         12.05739882         12.06028359       
 0.5300000000         12.05715501         12.06003023       
 0.5310000000         12.05691272         12.05977842       
 0.5320000000         12.05667194         12.05952817       
 0.5330000000         12.05643265         12.05927945       
 0.5340000000         12.05619485         12.05903226       
 0.5350000000         12.05595852         12.05878659       
 0.5360000000         12.05572365         12.05854241       
 0.5370000000         12.05549023         12.05829973       
 0.5380000000         12.05525824         12.05805852       
 0.5390000000         12.05502768         12.05781877       
 0.5400000000         12.05479853         12.05758048       
 0.5410000000         12.05457078         12.05734364       
 0.5420000000         12.05434443         12.05710822       
 0.5430000000         12.05411945         12.05687422       
 0.5440000000         12.05389584         12.05664163       
 0.5450000000         12.05367359         12.05641044       
 0.5460000000         12.05345269         12.05618064       
 0.5470000000         12.05323312         12.05595221       
 0.5480000000         12.05301488         12.05572515       
 0.5490000000         12.05279796         12.05549944       
 0.5500000000         12.05258234         12.05527507       
 0.5510000000         12.05236801         12.05505204       
 0.5520000000         12.05215497         12.05483033       
 0.5530000000         12.05194321         12.05460993       
 0.5540000000         12.05173270         12.05439083       
 0.5550000000         12.05152346         12.05417303       
 0.5560000000         12.05131545         12.05395651       
 0.5570000000         12.05110868         12.05374126       
 0.5580000000         12.05090314         12.05352727       
 0.5590000000         12.05069882         12.05331454       
 0.5600000000         12.05049570         12.05310305       
 0.5610000000         12.05029377         12.05289279       
 0.5620000000         12.05009304         12.05268376       
 0.5630000000         12.04989348         12.05247595       
 0.5640000000         12.04969510         12.05226934       
 0.5650000000         12.04949787         12.05206392       
 0.5660000000         12.04930180         12.05185970       
 0.5670000000         12.04910687         12.05165665       
 0.5680000000         12.04891307         12.05145477       
 0.5690000000         12.04872040         12.05125405       
 0.5700000000         12.04852885         12.05105449       
 0.5710000000         12.04833840         12.05085607       
 0.5720000000         12.04814906         12.05065878       
 0.5730000000         12.04796081         12.05046262       
 0.5740000000         12.04777364         12.05026758       
 0.5750000000         12.04758755         12.05007365       
 0.5760000000         12.04740252         12.04988081       
 0.5770000000         12.04721855         12.04968908       
 0.5780000000         12.04703564         12.04949842       
 0.5790000000         12.04685377         12.04930885       
 0.5800000000         12.04667293         12.04912034       
 0.5810000000         12.04649313         12.04893290       
 0.5820000000         12.04631434         12.04874650       
 0.5830000000         12.04613656         12.04856116       
 0.5840000000         12.04595979         12.04837685       
 0.5850000000         12.04578402         12.04819357       
 0.5860000000         12.04560924         12.04801131       
 0.5870000000         12.04543544         12.04783007       
 0.5880000000         12.04526262         12.04764984       
 0.5890000000         12.04509077         12.04747061       
 0.5900000000         12.04491988         12.04729237       
 0.5910000000         12.04474994         12.04711512       
 0.5920000000         12.04458095         12.04693884       
 0.5930000000         12.04441290         12.04676354       
 0.5940000000         12.04424579         12.04658920       
 0.5950000000         12.04407960         12.04641582       
 0.5960000000         12.04391433         12.04624339       
 0.5970000000         12.04374998         12.04607191       
 0.5980000000         12.04358653         12.04590136       
 0.5990000000         12.04342398         12.04573174       
 0.6000000000         12.04326233         12.04556305       
 0.6010000000         12.04310156         12.04539528       
 0.6020000000         12.04294167         12.04522841       
 0.6030000000         12.04278266         12.04506245       
 0.6040000000         12.04262452         12.04489739       
 0.6050000000         12.04246724         12.04473322       
 0.6060000000         12.04231082         12.04456993       
 0.6070000000         12.04215524         12.04440752       
 0.6080000000         12.04200051         12.04424599       
 0.6090000000         12.04184662         12.04408532       
 0.6100000000         12.04169356         12.04392551       
 0.6110000000         12.04154132         12.04376656       
 0.6120000000         12.04138990         12.04360845       
 0.6130000000         12.04123930         12.04345119       
 0.6140000000         12.04108951         12.04329476       
 0.6150000000         12.04094052         12.04313917       
 0.6160000000         12.04079233         12.04298440       
 0.6170000000         12.04064493         12.04283045       
 0.6180000000         12.04049831         12.04267731       
 0.6190000000         12.04035248         12.04252498       
 0.6200000000         12.04020742         12.04237345       
 0.6210000000         12.04006313         12.04222272       
 0.6220000000         12.03991960         12.04207278       
 0.6230000000         12.03977684         12.04192363       
 0.6240000000         12.03963482         12.04177525       
 0.6250000000         12.03949356         12.04162766       
 0.6260000000         12.03935304         12.04148083       
 0.6270000000         12.03921326         12.04133476       
 0.6280000000         12.03907421         12.04118946       
 0.6290000000         12.03893588         12.04104491       
 0.6300000000         12.03879829         12.04090110       
 0.6310000000         12.03866140         12.04075804       
 0.6320000000         12.03852524         12.04061572       
 0.6330000000         12.03838978         12.04047414       
 0.6340000000         12.03825502         12.04033328       
 0.6350000000         12.03812096         12.04019315       
 0.6360000000         12.03798760         12.04005373       
 0.6370000000         12.03785493         12.03991503       
 0.6380000000         12.03772294         12.03977704       
 0.6390000000         12.03759163         12.03963975       
 0.6400000000         12.03746099         12.03950317       
 0.6410000000         12.03733103         12.03936728       
 0.6420000000         12.03720173         12.03923207       
 0.6430000000         12.03707309         12.03909756       
 0.6440000000         12.03694511         12.03896372       
 0.6450000000         12.03681778         12.03883057       
 0.6460000000         12.03669111         12.03869808       
 0.6470000000         12.03656507         12.03856626       
 0.6480000000         12.03643968         12.03843511       
 0.6490000000         12.03631492         12.03830461       
 0.6500000000         12.03619079         12.03817477       
 0.6510000000         12.03606729         12.03804558       
 0.6520000000         12.03594441         12.03791704       
 0.6530000000         12.03582215         12.03778914       
 0.6540000000         12.03570051         12.03766187       
 0.6550000000         12.03557947         12.03753524       
 0.6560000000         12.03545905         12.03740924       
 0.6570000000         12.03533922         12.03728386       
 0.6580000000         12.03521999         12.03715911       
 0.6590000000         12.03510136         12.03703497       
 0.6600000000         12.03498332         12.03691144       
 0.6610000000         12.03486587         12.03678852       
 0.6620000000         12.03474900         12.03666621       
 0.6630000000         12.03463270         12.03654450       
 0.6640000000         12.03451699         12.03642339       
 0.6650000000         12.03440184         12.03630287       
 0.6660000000         12.03428727         12.03618294       
 0.6670000000         12.03417325         12.03606359       
 0.6680000000         12.03405980         12.03594483       
 0.6690000000         12.03394691         12.03582664       
 0.6700000000         12.03383457         12.03570903       
 0.6710000000         12.03372278         12.03559199       
 0.6720000000         12.03361153         12.03547552       
 0.6730000000         12.03350083         12.03535962       
 0.6740000000         12.03339067         12.03524427       
 0.6750000000         12.03328104         12.03512948       
 0.6760000000         12.03317194         12.03501524       
 0.6770000000         12.03306338         12.03490155       
 0.6780000000         12.03295534         12.03478841       
 0.6790000000         12.03284782         12.03467580       
 0.6800000000         12.03274082         12.03456374       
 0.6810000000         12.03263434         12.03445222       
 0.6820000000         12.03252837         12.03434122       
 0.6830000000         12.03242291         12.03423076       
 0.6840000000         12.03231795         12.03412082       
 0.6850000000         12.03221350         12.03401141       
 0.6860000000         12.03210955         12.03390251       
 0.6870000000         12.03200609         12.03379413       
 0.6880000000         12.03190313         12.03368626       
 0.6890000000         12.03180065         12.03357890       
 0.6900000000         12.03169867         12.03347205       
 0.6910000000         12.03159717         12.03336570       
 0.6920000000         12.03149615         12.03325985       
 0.6930000000         12.03139560         12.03315450       
 0.6940000000         12.03129554         12.03304964       
 0.6950000000         12.03119594         12.03294527       
 0.6960000000         12.03109681         12.03284139       
 0.6970000000         12.03099815         12.03273799       
 0.6980000000         12.03089996         12.03263508       
 0.6990000000         12.03080222         12.03253265       
 0.7000000000         12.03070494         12.03243069       
 0.7010000000         12.03060812         12.03232920       
 0.7020000000         12.03051175         12.03222819       
 0.7030000000         12.03041583         12.03212764       
 0.7040000000         12.03032035         12.03202756       
 0.7050000000         12.03022532         12.03192793       
 0.7060000000         12.03013073         12.03182877       
 0.7070000000         12.03003657         12.03173006       
 0.7080000000         12.02994286         12.03163181       
 0.7090000000         12.02984957         12.03153401       
 0.7100000000         12.02975672         12.03143665       
 0.7110000000         12.02966430         12.03133974       
 0.7120000000         12.02957230         12.03124327       
 0.7130000000         12.02948072         12.03114724       
 0.7140000000         12.02938956         12.03105165       
 0.7150000000         12.02929882         12.03095649       
 0.7160000000         12.02920849         12.03086177       
 0.7170000000         12.02911858         12.03076747       
 0.7180000000         12.02902908         12.03067361       
 0.7190000000         12.02893998         12.03058016       
 0.7200000000         12.02885129         12.03048714       
 0.7210000000         12.02876301         12.03039453       
 0.7220000000         12.02867512         12.03030235       
 0.7230000000         12.02858763         12.03021057       
 0.7240000000         12.02850054         12.03011921       
 0.7250000000         12.02841384         12.03002826       
 0.7260000000         12.02832753         12.02993772       
 0.7270000000         12.02824161         12.02984757       
 0.7280000000         12.02815607         12.02975784       
 0.7290000000         12.02807092         12.02966850       
 0.7300000000         12.02798615         12.02957956       
 0.7310000000         12.02790176         12.02949101       
 0.7320000000         12.02781775         12.02940286       
 0.7330000000         12.02773411         12.02931509       
 0.7340000000         12.02765084         12.02922772       
 0.7350000000         12.02756795         12.02914073       
 0.7360000000         12.02748542         12.02905413       
 0.7370000000         12.02740326         12.02896790       
 0.7380000000         12.02732147         12.02888206       
 0.7390000000         12.02724003         12.02879659       
 0.7400000000         12.02715896         12.02871150       
 0.7410000000         12.02707824         12.02862678       
 0.7420000000         12.02699788         12.02854243       
 0.7430000000         12.02691787         12.02845845       
 0.7440000000         12.02683822         12.02837483       
 0.7450000000         12.02675891         12.02829158       
 0.7460000000         12.02667995         12.02820869       
 0.7470000000         12.02660134         12.02812617       
 0.7480000000         12.02652307         12.02804400       
 0.7490000000         12.02644514         12.02796218       
 0.7500000000         12.02636755         12.02788072       
 0.7510000000         12.02629030         12.02779961       
 0.7520000000         12.02621338         12.02771885       
 0.7530000000         12.02613680         12.02763844       
 0.7540000000         12.02606055         12.02755838       
 0.7550000000         12.02598463         12.02747865       
 0.7560000000         12.02590903         12.02739928       
 0.7570000000         12.02583377         12.02732024       
 0.7580000000         12.02575882         12.02724153       
 0.7590000000         12.02568420         12.02716317       
 0.7600000000         12.02560990         12.02708514       
 0.7610000000         12.02553592         12.02700744       
 0.7620000000         12.02546226         12.02693007       
 0.7630000000         12.02538891         12.02685303       
 0.7640000000         12.02531588         12.02677632       
 0.7650000000         12.02524315         12.02669993       
 0.7660000000         12.02517074         12.02662387       
 0.7670000000         12.02509863         12.02654813       
 0.7680000000         12.02502684         12.02647270       
 0.7690000000         12.02495534         12.02639760       
 0.7700000000         12.02488415         12.02632281       
 0.7710000000         12.02481326         12.02624834       
 0.7720000000         12.02474267         12.02617417       
 0.7730000000         12.02467238         12.02610032       
 0.7740000000         12.02460238         12.02602678       
 0.7750000000         12.02453268         12.02595355       
 0.7760000000         12.02446327         12.02588062       
 0.7770000000         12.02439415         12.02580799       
 0.7780000000         12.02432533         12.02573567       
 0.7790000000         12.02425679         12.02566365       
 0.7800000000         12.02418854         12.02559192       
 0.7810000000         12.02412057         12.02552050       
 0.7820000000         12.02405288         12.02544937       
 0.7830000000         12.02398548         12.02537853       
 0.7840000000         12.02391836         12.02530799       
 0.7850000000         12.02385152         12.02523774       
 0.7860000000         12.02378495         12.02516778       
 0.7870000000         12.02371866         12.02509810       
 0.7880000000         12.02365264         12.02502871       
 0.7890000000         12.02358690         12.02495961       
 0.7900000000         12.02352143         12.02489079       
 0.7910000000         12.02345623         12.02482225       
 0.7920000000         12.02339129         12.02475399       
 0.7930000000         12.02332663         12.02468601       
 0.7940000000         12.02326222         12.02461831       
 0.7950000000         12.02319809         12.02455088       
 0.7960000000         12.02313421         12.02448373       
 0.7970000000         12.02307060         12.02441685       
 0.7980000000         12.02300724         12.02435024       
 0.7990000000         12.02294414         12.02428390       
 0.8000000000         12.02288131         12.02421782       
 0.8010000000         12.02281872         12.02415202       
 0.8020000000         12.02275639         12.02408648       
 0.8030000000         12.02269431         12.02402120       
 0.8040000000         12.02263249         12.02395619       
 0.8050000000         12.02257091         12.02389144       
 0.8060000000         12.02250959         12.02382695       
 0.8070000000         12.02244851         12.02376272       
 0.8080000000         12.02238767         12.02369874       
 0.8090000000         12.02232709         12.02363502       
 0.8100000000         12.02226674         12.02357155       
 0.8110000000         12.02220664         12.02350834       
 0.8120000000         12.02214678         12.02344538       
 0.8130000000         12.02208715         12.02338267       
 0.8140000000         12.02202777         12.02332021       
 0.8150000000         12.02196862         12.02325799       
 0.8160000000         12.02190971         12.02319603       
 0.8170000000         12.02185104         12.02313430       
 0.8180000000         12.02179259         12.02307282       
 0.8190000000         12.02173438         12.02301159       
 0.8200000000         12.02167640         12.02295059       
 0.8210000000         12.02161865         12.02288984       
 0.8220000000         12.02156113         12.02282932       
 0.8230000000         12.02150384         12.02276905       
 0.8240000000         12.02144677         12.02270901       
 0.8250000000         12.02138993         12.02264920       
 0.8260000000         12.02133331         12.02258963       
 0.8270000000         12.02127691         12.02253029       
 0.8280000000         12.02122074         12.02247118       
 0.8290000000         12.02116478         12.02241230       
 0.8300000000         12.02110904         12.02235365       
 0.8310000000         12.02105353         12.02229523       
 0.8320000000         12.02099823         12.02223704       
 0.8330000000         12.02094314         12.02217907       
 0.8340000000         12.02088827         12.02212133       
 0.8350000000         12.02083362         12.02206381       
 0.8360000000         12.02077917         12.02200651       
 0.8370000000         12.02072494         12.02194943       
 0.8380000000         12.02067092         12.02189257       
 0.8390000000         12.02061710         12.02183594       
 0.8400000000         12.02056350         12.02177951       
 0.8410000000         12.02051010         12.02172331       
 0.8420000000         12.02045691         12.02166732       
 0.8430000000         12.02040392         12.02161155       
 0.8440000000         12.02035114         12.02155599       
 0.8450000000         12.02029856         12.02150064       
 0.8460000000         12.02024618         12.02144550       
 0.8470000000         12.02019400         12.02139057       
 0.8480000000         12.02014203         12.02133586       
 0.8490000000         12.02009025         12.02128135       
 0.8500000000         12.02003867         12.02122704       
 0.8510000000         12.01998728         12.02117294       
 0.8520000000         12.01993609         12.02111905       
 0.8530000000         12.01988510         12.02106536       
 0.8540000000         12.01983430         12.02101188       
 0.8550000000         12.01978369         12.02095859       
 0.8560000000         12.01973328         12.02090551       
 0.8570000000         12.01968306         12.02085263       
 0.8580000000         12.01963302         12.02079994       
 0.8590000000         12.01958318         12.02074746       
 0.8600000000         12.01953352         12.02069517       
 0.8610000000         12.01948405         12.02064307       
 0.8620000000         12.01943477         12.02059117       
 0.8630000000         12.01938567         12.02053947       
 0.8640000000         12.01933676         12.02048796       
 0.8650000000         12.01928803         12.02043664       
 0.8660000000         12.01923948         12.02038551       
 0.8670000000         12.01919111         12.02033457       
 0.8680000000         12.01914293         12.02028382       
 0.8690000000         12.01909492         12.02023326       
 0.8700000000         12.01904710         12.02018288       
 0.8710000000         12.01899945         12.02013270       
 0.8720000000         12.01895198         12.02008269       
 0.8730000000         12.01890468         12.02003288       
 0.8740000000         12.01885756         12.01998324       
 0.8750000000         12.01881062         12.01993379       
 0.8760000000         12.01876385         12.01988452       
 0.8770000000         12.01871725         12.01983544       
 0.8780000000         12.01867083         12.01978653       
 0.8790000000         12.01862457         12.01973780       
 0.8800000000         12.01857849         12.01968925       
 0.8810000000         12.01853257         12.01964088       
 0.8820000000         12.01848683         12.01959268       
 0.8830000000         12.01844125         12.01954466       
 0.8840000000         12.01839584         12.01949682       
 0.8850000000         12.01835059         12.01944915       
 0.8860000000         12.01830551         12.01940165       
 0.8870000000         12.01826060         12.01935432       
 0.8880000000         12.01821585         12.01930717       
 0.8890000000         12.01817126         12.01926019       
 0.8900000000         12.01812684         12.01921338       
 0.8910000000         12.01808257         12.01916673       
 0.8920000000         12.01803847         12.01912026       
 0.8930000000         12.01799453         12.01907395       
 0.8940000000         12.01795075         12.01902781       
 0.8950000000         12.01790712         12.01898184       
 0.8960000000         12.01786365         12.01893603       
 0.8970000000         12.01782034         12.01889038       
 0.8980000000         12.01777719         12.01884490       
 0.8990000000         12.01773419         12.01879958       
 0.9000000000         12.01769135         12.01875443       
 0.9010000000         12.01764866         12.01870943       
 0.9020000000         12.01760612         12.01866460       
 0.9030000000         12.01756373         12.01861992       
 0.9040000000         12.01752150         12.01857541       
 0.9050000000         12.01747942         12.01853105       
 0.9060000000         12.01743749         12.01848685       
 0.9070000000         12.01739571         12.01844281       
 0.9080000000         12.01735407         12.01839892       
 0.9090000000         12.01731259         12.01835519       
 0.9100000000         12.01727125         12.01831162       
 0.9110000000         12.01723006         12.01826819       
 0.9120000000         12.01718902         12.01822492       
 0.9130000000         12.01714812         12.01818181       
 0.9140000000         12.01710737         12.01813884       
 0.9150000000         12.01706676         12.01809603       
 0.9160000000         12.01702629         12.01805336       
 0.9170000000         12.01698597         12.01801085       
 0.9180000000         12.01694579         12.01796848       
 0.9190000000         12.01690575         12.01792627       
 0.9200000000         12.01686585         12.01788420       
 0.9210000000         12.01682609         12.01784227       
 0.9220000000         12.01678647         12.01780050       
 0.9230000000         12.01674699         12.01775887       
 0.9240000000         12.01670765         12.01771738       
 0.9250000000         12.01666844         12.01767604       
 0.9260000000         12.01662937         12.01763484       
 0.9270000000         12.01659044         12.01759379       
 0.9280000000         12.01655165         12.01755287       
 0.9290000000         12.01651299         12.01751210       
 0.9300000000         12.01647446         12.01747147       
 0.9310000000         12.01643607         12.01743098       
 0.9320000000         12.01639781         12.01739063       
 0.9330000000         12.01635968         12.01735042       
 0.9340000000         12.01632168         12.01731035       
 0.9350000000         12.01628382         12.01727041       
 0.9360000000         12.01624609         12.01723061       
 0.9370000000         12.01620848         12.01719095       
 0.9380000000         12.01617101         12.01715142       
 0.9390000000         12.01613366         12.01711203       
 0.9400000000         12.01609645         12.01707278       
 0.9410000000         12.01605936         12.01703365       
 0.9420000000         12.01602240         12.01699467       
 0.9430000000         12.01598556         12.01695581       
 0.9440000000         12.01594886         12.01691709       
 0.9450000000         12.01591227         12.01687849       
 0.9460000000         12.01587581         12.01684003       
 0.9470000000         12.01583948         12.01680170       
 0.9480000000         12.01580327         12.01676350       
 0.9490000000         12.01576718         12.01672543       
 0.9500000000         12.01573122         12.01668749       
 0.9510000000         12.01569538         12.01664967       
 0.9520000000         12.01565966         12.01661199       
 0.9530000000         12.01562406         12.01657443       
 0.9540000000         12.01558858         12.01653699       
 0.9550000000         12.01555322         12.01649969       
 0.9560000000         12.01551798         12.01646250       
 0.9570000000         12.01548286         12.01642545       
 0.9580000000         12.01544786         12.01638851       
 0.9590000000         12.01541297         12.01635170       
 0.9600000000         12.01537820         12.01631502       
 0.9610000000         12.01534355         12.01627845       
 0.9620000000         12.01530902         12.01624201       
 0.9630000000         12.01527460         12.01620569       
 0.9640000000         12.01524030         12.01616949       
 0.9650000000         12.01520611         12.01613341       
 0.9660000000         12.01517203         12.01609745       
 0.9670000000         12.01513807         12.01606161       
 0.9680000000         12.01510422         12.01602589       
 0.9690000000         12.01507049         12.01599028       
 0.9700000000         12.01503687         12.01595480       
 0.9710000000         12.01500336         12.01591943       
 0.9720000000         12.01496996         12.01588418       
 0.9730000000         12.01493667         12.01584904       
 0.9740000000         12.01490349         12.01581402       
 0.9750000000         12.01487042         12.01577912       
 0.9760000000         12.01483746         12.01574433       
 0.9770000000         12.01480461         12.01570965       
 0.9780000000         12.01477186         12.01567509       
 0.9790000000         12.01473923         12.01564064       
 0.9800000000         12.01470670         12.01560631       
 0.9810000000         12.01467428         12.01557209       
 0.9820000000         12.01464197         12.01553797       
 0.9830000000         12.01460976         12.01550397       
 0.9840000000         12.01457766         12.01547008       
 0.9850000000         12.01454566         12.01543630       
 0.9860000000         12.01451377         12.01540264       
 0.9870000000         12.01448198         12.01536908       
 0.9880000000         12.01445029         12.01533562       
 0.9890000000         12.01441871         12.01530228       
 0.9900000000         12.01438723         12.01526905       
 0.9910000000         12.01435585         12.01523592       
 0.9920000000         12.01432458         12.01520290       
 0.9930000000         12.01429341         12.01516999       
 0.9940000000         12.01426233         12.01513718       
 0.9950000000         12.01423136         12.01510448       
 0.9960000000         12.01420049         12.01507188       
 0.9970000000         12.01416972         12.01503939       
 0.9980000000         12.01413905         12.01500700       
 0.9990000000         12.01410847         12.01497472       
  1.000000000         12.01407800         12.01494254       
  1.001000000         12.01404762         12.01491046       
  1.002000000         12.01401734         12.01487849       
  1.003000000         12.01398716         12.01484661       
  1.004000000         12.01395707         12.01481484       
  1.005000000         12.01392708         12.01478317       
  1.006000000         12.01389719         12.01475160       
  1.007000000         12.01386739         12.01472014       
  1.008000000         12.01383769         12.01468877       
  1.009000000         12.01380808         12.01465750       
  1.010000000         12.01377857         12.01462633       
  1.011000000         12.01374915         12.01459526       
  1.012000000         12.01371983         12.01456429       
  1.013000000         12.01369059         12.01453341       
  1.014000000         12.01366145         12.01450263       
  1.015000000         12.01363241         12.01447196       
  1.016000000         12.01360345         12.01444137       
  1.017000000         12.01357459         12.01441089       
  1.018000000         12.01354582         12.01438049       
  1.019000000         12.01351713         12.01435020       
  1.020000000         12.01348854         12.01432000       
  1.021000000         12.01346004         12.01428989       
  1.022000000         12.01343163         12.01425988       
  1.023000000         12.01340331         12.01422996       
  1.024000000         12.01337508         12.01420014       
  1.025000000         12.01334693         12.01417041       
  1.026000000         12.01331888         12.01414077       
  1.027000000         12.01329091         12.01411122       
  1.028000000         12.01326303         12.01408177       
  1.029000000         12.01323523         12.01405241       
  1.030000000         12.01320753         12.01402314       
  1.031000000         12.01317991         12.01399396       
  1.032000000         12.01315237         12.01396487       
  1.033000000         12.01312493         12.01393587       
  1.034000000         12.01309756         12.01390696       
  1.035000000         12.01307028         12.01387814       
  1.036000000         12.01304309         12.01384941       
  1.037000000         12.01301598         12.01382076       
  1.038000000         12.01298896         12.01379221       
  1.039000000         12.01296202         12.01376374       
  1.040000000         12.01293516         12.01373536       
  1.041000000         12.01290838         12.01370707       
  1.042000000         12.01288169         12.01367887       
  1.043000000         12.01285508         12.01365075       
  1.044000000         12.01282855         12.01362272       
  1.045000000         12.01280210         12.01359477       
  1.046000000         12.01277574         12.01356691       
  1.047000000         12.01274945         12.01353913       
  1.048000000         12.01272325         12.01351144       
  1.049000000         12.01269713         12.01348383       
  1.050000000         12.01267108         12.01345631       
  1.051000000         12.01264512         12.01342887       
  1.052000000         12.01261923         12.01340152       
  1.053000000         12.01259343         12.01337424       
  1.054000000         12.01256770         12.01334705       
  1.055000000         12.01254205         12.01331995       
  1.056000000         12.01251648         12.01329292       
  1.057000000         12.01249099         12.01326598       
  1.058000000         12.01246557         12.01323911       
  1.059000000         12.01244023         12.01321233       
  1.060000000         12.01241497         12.01318563       
  1.061000000         12.01238979         12.01315901       
  1.062000000         12.01236468         12.01313247       
  1.063000000         12.01233964         12.01310601       
  1.064000000         12.01231468         12.01307963       
  1.065000000         12.01228980         12.01305333       
  1.066000000         12.01226499         12.01302711       
  1.067000000         12.01224026         12.01300096       
  1.068000000         12.01221560         12.01297490       
  1.069000000         12.01219102         12.01294891       
  1.070000000         12.01216651         12.01292300       
  1.071000000         12.01214207         12.01289717       
  1.072000000         12.01211770         12.01287141       
  1.073000000         12.01209341         12.01284573       
  1.074000000         12.01206919         12.01282013       
  1.075000000         12.01204505         12.01279460       
  1.076000000         12.01202097         12.01276915       
  1.077000000         12.01199697         12.01274377       
  1.078000000         12.01197304         12.01271847       
  1.079000000         12.01194918         12.01269325       
  1.080000000         12.01192539         12.01266809       
  1.081000000         12.01190167         12.01264302       
  1.082000000         12.01187802         12.01261801       
  1.083000000         12.01185445         12.01259309       
  1.084000000         12.01183094         12.01256823       
  1.085000000         12.01180750         12.01254345       
  1.086000000         12.01178413         12.01251874       
  1.087000000         12.01176083         12.01249410       
  1.088000000         12.01173760         12.01246954       
  1.089000000         12.01171443         12.01244504       
  1.090000000         12.01169134         12.01242062       
  1.091000000         12.01166831         12.01239627       
  1.092000000         12.01164535         12.01237199       
  1.093000000         12.01162246         12.01234779       
  1.094000000         12.01159963         12.01232365       
  1.095000000         12.01157687         12.01229958       
  1.096000000         12.01155418         12.01227559       
  1.097000000         12.01153155         12.01225166       
  1.098000000         12.01150900         12.01222780       
  1.099000000         12.01148650         12.01220401       
  1.100000000         12.01146407         12.01218029       
  1.101000000         12.01144171         12.01215664       
  1.102000000         12.01141941         12.01213306       
  1.103000000         12.01139718         12.01210955       
  1.104000000         12.01137501         12.01208610       
  1.105000000         12.01135291         12.01206273       
  1.106000000         12.01133087         12.01203942       
  1.107000000         12.01130889         12.01201617       
  1.108000000         12.01128698         12.01199300       
  1.109000000         12.01126513         12.01196989       
  1.110000000         12.01124334         12.01194684       
  1.111000000         12.01122162         12.01192387       
  1.112000000         12.01119996         12.01190095       
  1.113000000         12.01117836         12.01187811       
  1.114000000         12.01115682         12.01185533       
  1.115000000         12.01113535         12.01183261       
  1.116000000         12.01111393         12.01180996       
  1.117000000         12.01109258         12.01178738       
  1.118000000         12.01107129         12.01176486       
  1.119000000         12.01105006         12.01174240       
  1.120000000         12.01102889         12.01172001       
  1.121000000         12.01100779         12.01169768       
  1.122000000         12.01098674         12.01167541       
  1.123000000         12.01096575         12.01165321       
  1.124000000         12.01094482         12.01163107       
  1.125000000         12.01092395         12.01160899       
  1.126000000         12.01090314         12.01158698       
  1.127000000         12.01088239         12.01156503       
  1.128000000         12.01086170         12.01154314       
  1.129000000         12.01084107         12.01152131       
  1.130000000         12.01082050         12.01149954       
  1.131000000         12.01079998         12.01147784       
  1.132000000         12.01077952         12.01145619       
  1.133000000         12.01075912         12.01143461       
  1.134000000         12.01073878         12.01141309       
  1.135000000         12.01071849         12.01139162       
  1.136000000         12.01069827         12.01137022       
  1.137000000         12.01067810         12.01134888       
  1.138000000         12.01065798         12.01132760       
  1.139000000         12.01063792         12.01130637       
  1.140000000         12.01061792         12.01128521       
  1.141000000         12.01059798         12.01126411       
  1.142000000         12.01057809         12.01124306       
  1.143000000         12.01055825         12.01122207       
  1.144000000         12.01053848         12.01120114       
  1.145000000         12.01051875         12.01118027       
  1.146000000         12.01049908         12.01115946       
  1.147000000         12.01047947         12.01113871       
  1.148000000         12.01045991         12.01111801       
  1.149000000         12.01044041         12.01109737       
  1.150000000         12.01042096         12.01107679       
  1.151000000         12.01040156         12.01105626       
  1.152000000         12.01038222         12.01103580       
  1.153000000         12.01036293         12.01101538       
  1.154000000         12.01034370         12.01099503       
  1.155000000         12.01032452         12.01097473       
  1.156000000         12.01030539         12.01095448       
  1.157000000         12.01028631         12.01093430       
  1.158000000         12.01026729         12.01091416       
  1.159000000         12.01024832         12.01089409       
  1.160000000         12.01022940         12.01087406       
  1.161000000         12.01021054         12.01085410       
  1.162000000         12.01019172         12.01083418       
  1.163000000         12.01017296         12.01081433       
  1.164000000         12.01015425         12.01079452       
  1.165000000         12.01013559         12.01077477       
  1.166000000         12.01011698         12.01075508       
  1.167000000         12.01009843         12.01073543       
  1.168000000         12.01007992         12.01071585       
  1.169000000         12.01006146         12.01069631       
  1.170000000         12.01004306         12.01067683       
  1.171000000         12.01002470         12.01065740       
  1.172000000         12.01000640         12.01063802       
  1.173000000         12.00998814         12.01061870       
  1.174000000         12.00996994         12.01059943       
  1.175000000         12.00995178         12.01058021       
  1.176000000         12.00993367         12.01056104       
  1.177000000         12.00991562         12.01054193       
  1.178000000         12.00989761         12.01052286       
  1.179000000         12.00987965         12.01050385       
  1.180000000         12.00986174         12.01048489       
  1.181000000         12.00984387         12.01046598       
  1.182000000         12.00982606         12.01044712       
  1.183000000         12.00980829         12.01042831       
  1.184000000         12.00979057         12.01040955       
  1.185000000         12.00977290         12.01039085       
  1.186000000         12.00975528         12.01037219       
  1.187000000         12.00973771         12.01035358       
  1.188000000         12.00972018         12.01033502       
  1.189000000         12.00970270         12.01031652       
  1.190000000         12.00968526         12.01029806       
  1.191000000         12.00966787         12.01027965       
  1.192000000         12.00965053         12.01026129       
  1.193000000         12.00963324         12.01024298       
  1.194000000         12.00961599         12.01022472       
  1.195000000         12.00959879         12.01020650       
  1.196000000         12.00958163         12.01018834       
  1.197000000         12.00956452         12.01017022       
  1.198000000         12.00954746         12.01015215       
  1.199000000         12.00953044         12.01013413       
  1.200000000         12.00951346         12.01011616       
